{"/home/joaoalmeida/Documentos/github/mediconecta/backend/src/config/database.ts": {"path":"/home/joaoalmeida/Documentos/github/mediconecta/backend/src/config/database.ts","statementMap":{"0":{"start":{"line":1,"column":0},"end":{"line":1,"column":38}},"1":{"start":{"line":2,"column":0},"end":{"line":2,"column":33}},"2":{"start":{"line":4,"column":0},"end":{"line":4,"column":16}},"3":{"start":{"line":6,"column":18},"end":{"line":14,"column":2}},"4":{"start":{"line":16,"column":0},"end":{"line":16,"column":25}}},"fnMap":{},"branchMap":{},"s":{"0":16,"1":16,"2":16,"3":16,"4":16},"f":{},"b":{}}
,"/home/joaoalmeida/Documentos/github/mediconecta/backend/src/model/Announcement.ts": {"path":"/home/joaoalmeida/Documentos/github/mediconecta/backend/src/model/Announcement.ts","statementMap":{"0":{"start":{"line":1,"column":0},"end":{"line":1,"column":55}},"1":{"start":{"line":2,"column":0},"end":{"line":2,"column":43}},"2":{"start":{"line":3,"column":0},"end":{"line":3,"column":30}},"3":{"start":{"line":4,"column":0},"end":{"line":4,"column":34}},"4":{"start":{"line":17,"column":0},"end":{"line":17,"column":13}},"5":{"start":{"line":26,"column":0},"end":{"line":75,"column":2}},"6":{"start":{"line":77,"column":0},"end":{"line":81,"column":2}},"7":{"start":{"line":82,"column":0},"end":{"line":86,"column":2}}},"fnMap":{},"branchMap":{},"s":{"0":2,"1":2,"2":2,"3":2,"4":2,"5":2,"6":2,"7":2},"f":{},"b":{}}
,"/home/joaoalmeida/Documentos/github/mediconecta/backend/src/model/Appointment.ts": {"path":"/home/joaoalmeida/Documentos/github/mediconecta/backend/src/model/Appointment.ts","statementMap":{"0":{"start":{"line":1,"column":0},"end":{"line":1,"column":55}},"1":{"start":{"line":2,"column":0},"end":{"line":2,"column":43}},"2":{"start":{"line":3,"column":0},"end":{"line":3,"column":34}},"3":{"start":{"line":4,"column":0},"end":{"line":4,"column":30}},"4":{"start":{"line":6,"column":0},"end":{"line":6,"column":null}},"5":{"start":{"line":7,"column":2},"end":{"line":7,"column":null}},"6":{"start":{"line":8,"column":2},"end":{"line":8,"column":null}},"7":{"start":{"line":23,"column":0},"end":{"line":23,"column":13}},"8":{"start":{"line":33,"column":0},"end":{"line":93,"column":2}},"9":{"start":{"line":70,"column":24},"end":{"line":70,"column":34}},"10":{"start":{"line":71,"column":10},"end":{"line":71,"column":50}},"11":{"start":{"line":71,"column":32},"end":{"line":71,"column":50}},"12":{"start":{"line":95,"column":0},"end":{"line":98,"column":3}}},"fnMap":{"0":{"name":"(anonymous_1)","decl":{"start":{"line":6,"column":0},"end":{"line":6,"column":12}},"loc":{"start":{"line":6,"column":29},"end":{"line":9,"column":1}}},"1":{"name":"(anonymous_2)","decl":{"start":{"line":69,"column":8},"end":{"line":69,"column":24}},"loc":{"start":{"line":69,"column":39},"end":{"line":72,"column":9}}}},"branchMap":{"0":{"loc":{"start":{"line":6,"column":12},"end":{"line":6,"column":null}},"type":"binary-expr","locations":[{"start":{"line":6,"column":12},"end":{"line":6,"column":29}},{"start":{"line":6,"column":29},"end":{"line":6,"column":null}}]},"1":{"loc":{"start":{"line":71,"column":10},"end":{"line":71,"column":50}},"type":"if","locations":[{"start":{"line":71,"column":10},"end":{"line":71,"column":50}}]}},"s":{"0":8,"1":8,"2":8,"3":8,"4":8,"5":8,"6":8,"7":8,"8":8,"9":0,"10":0,"11":0,"12":8},"f":{"0":8,"1":0},"b":{"0":[8,8],"1":[0]}}
,"/home/joaoalmeida/Documentos/github/mediconecta/backend/src/model/Clinic.ts": {"path":"/home/joaoalmeida/Documentos/github/mediconecta/backend/src/model/Clinic.ts","statementMap":{"0":{"start":{"line":1,"column":0},"end":{"line":1,"column":55}},"1":{"start":{"line":2,"column":0},"end":{"line":2,"column":43}},"2":{"start":{"line":3,"column":0},"end":{"line":3,"column":30}},"3":{"start":{"line":18,"column":0},"end":{"line":18,"column":13}},"4":{"start":{"line":29,"column":0},"end":{"line":95,"column":2}},"5":{"start":{"line":97,"column":0},"end":{"line":101,"column":2}}},"fnMap":{},"branchMap":{},"s":{"0":15,"1":15,"2":15,"3":15,"4":15,"5":15},"f":{},"b":{}}
,"/home/joaoalmeida/Documentos/github/mediconecta/backend/src/model/Doctor.ts": {"path":"/home/joaoalmeida/Documentos/github/mediconecta/backend/src/model/Doctor.ts","statementMap":{"0":{"start":{"line":1,"column":0},"end":{"line":1,"column":55}},"1":{"start":{"line":2,"column":0},"end":{"line":2,"column":43}},"2":{"start":{"line":3,"column":0},"end":{"line":3,"column":30}},"3":{"start":{"line":4,"column":0},"end":{"line":4,"column":34}},"4":{"start":{"line":17,"column":0},"end":{"line":17,"column":13}},"5":{"start":{"line":26,"column":0},"end":{"line":80,"column":2}},"6":{"start":{"line":82,"column":0},"end":{"line":86,"column":2}},"7":{"start":{"line":87,"column":0},"end":{"line":91,"column":2}}},"fnMap":{},"branchMap":{},"s":{"0":2,"1":2,"2":2,"3":2,"4":2,"5":2,"6":2,"7":2},"f":{},"b":{}}
,"/home/joaoalmeida/Documentos/github/mediconecta/backend/src/model/Patient.ts": {"path":"/home/joaoalmeida/Documentos/github/mediconecta/backend/src/model/Patient.ts","statementMap":{"0":{"start":{"line":1,"column":0},"end":{"line":1,"column":45}},"1":{"start":{"line":2,"column":0},"end":{"line":2,"column":43}},"2":{"start":{"line":3,"column":0},"end":{"line":3,"column":30}},"3":{"start":{"line":4,"column":0},"end":{"line":4,"column":34}},"4":{"start":{"line":5,"column":0},"end":{"line":5,"column":34}},"5":{"start":{"line":12,"column":0},"end":{"line":12,"column":13}},"6":{"start":{"line":17,"column":0},"end":{"line":52,"column":2}},"7":{"start":{"line":44,"column":40},"end":{"line":49,"column":null}},"8":{"start":{"line":45,"column":8},"end":{"line":48,"column":null}},"9":{"start":{"line":54,"column":0},"end":{"line":58,"column":2}},"10":{"start":{"line":59,"column":0},"end":{"line":63,"column":2}}},"fnMap":{"0":{"name":"(anonymous_8)","decl":{"start":{"line":44,"column":19},"end":{"line":44,"column":26}},"loc":{"start":{"line":44,"column":40},"end":{"line":49,"column":null}}},"1":{"name":"(anonymous_9)","decl":{"start":{"line":44,"column":40},"end":{"line":44,"column":null}},"loc":{"start":{"line":44,"column":40},"end":{"line":49,"column":7}}}},"branchMap":{},"s":{"0":2,"1":2,"2":2,"3":2,"4":2,"5":2,"6":2,"7":0,"8":0,"9":2,"10":2},"f":{"0":0,"1":0},"b":{}}
,"/home/joaoalmeida/Documentos/github/mediconecta/backend/src/model/Record.ts": {"path":"/home/joaoalmeida/Documentos/github/mediconecta/backend/src/model/Record.ts","statementMap":{"0":{"start":{"line":1,"column":0},"end":{"line":1,"column":55}},"1":{"start":{"line":2,"column":0},"end":{"line":2,"column":43}},"2":{"start":{"line":3,"column":0},"end":{"line":3,"column":30}},"3":{"start":{"line":4,"column":0},"end":{"line":4,"column":34}},"4":{"start":{"line":14,"column":0},"end":{"line":14,"column":13}},"5":{"start":{"line":20,"column":0},"end":{"line":51,"column":2}},"6":{"start":{"line":53,"column":0},"end":{"line":57,"column":2}},"7":{"start":{"line":58,"column":0},"end":{"line":62,"column":2}}},"fnMap":{},"branchMap":{},"s":{"0":4,"1":4,"2":4,"3":4,"4":4,"5":4,"6":4,"7":4},"f":{},"b":{}}
,"/home/joaoalmeida/Documentos/github/mediconecta/backend/src/model/Secretary.ts": {"path":"/home/joaoalmeida/Documentos/github/mediconecta/backend/src/model/Secretary.ts","statementMap":{"0":{"start":{"line":1,"column":0},"end":{"line":1,"column":55}},"1":{"start":{"line":2,"column":0},"end":{"line":2,"column":43}},"2":{"start":{"line":3,"column":0},"end":{"line":3,"column":30}},"3":{"start":{"line":4,"column":0},"end":{"line":4,"column":34}},"4":{"start":{"line":14,"column":0},"end":{"line":14,"column":13}},"5":{"start":{"line":20,"column":0},"end":{"line":55,"column":2}},"6":{"start":{"line":57,"column":0},"end":{"line":61,"column":2}},"7":{"start":{"line":62,"column":0},"end":{"line":66,"column":2}}},"fnMap":{},"branchMap":{},"s":{"0":2,"1":2,"2":2,"3":2,"4":2,"5":2,"6":2,"7":2},"f":{},"b":{}}
,"/home/joaoalmeida/Documentos/github/mediconecta/backend/src/model/User.ts": {"path":"/home/joaoalmeida/Documentos/github/mediconecta/backend/src/model/User.ts","statementMap":{"0":{"start":{"line":1,"column":0},"end":{"line":1,"column":55}},"1":{"start":{"line":2,"column":0},"end":{"line":2,"column":43}},"2":{"start":{"line":4,"column":0},"end":{"line":4,"column":null}},"3":{"start":{"line":5,"column":2},"end":{"line":5,"column":null}},"4":{"start":{"line":6,"column":2},"end":{"line":6,"column":null}},"5":{"start":{"line":7,"column":2},"end":{"line":7,"column":null}},"6":{"start":{"line":24,"column":0},"end":{"line":24,"column":13}},"7":{"start":{"line":36,"column":0},"end":{"line":110,"column":2}},"8":{"start":{"line":79,"column":24},"end":{"line":79,"column":34}},"9":{"start":{"line":80,"column":10},"end":{"line":80,"column":50}},"10":{"start":{"line":80,"column":32},"end":{"line":80,"column":50}}},"fnMap":{"0":{"name":"(anonymous_1)","decl":{"start":{"line":4,"column":0},"end":{"line":4,"column":12}},"loc":{"start":{"line":4,"column":19},"end":{"line":8,"column":1}}},"1":{"name":"(anonymous_2)","decl":{"start":{"line":78,"column":8},"end":{"line":78,"column":24}},"loc":{"start":{"line":78,"column":39},"end":{"line":81,"column":9}}}},"branchMap":{"0":{"loc":{"start":{"line":4,"column":12},"end":{"line":4,"column":null}},"type":"binary-expr","locations":[{"start":{"line":4,"column":12},"end":{"line":4,"column":19}},{"start":{"line":4,"column":19},"end":{"line":4,"column":null}}]},"1":{"loc":{"start":{"line":80,"column":10},"end":{"line":80,"column":50}},"type":"if","locations":[{"start":{"line":80,"column":10},"end":{"line":80,"column":50}}]}},"s":{"0":16,"1":16,"2":16,"3":16,"4":16,"5":16,"6":16,"7":16,"8":0,"9":0,"10":0},"f":{"0":16,"1":0},"b":{"0":[16,16],"1":[0]}}
,"/home/joaoalmeida/Documentos/github/mediconecta/backend/src/repository/AnnouncementRepository.ts": {"path":"/home/joaoalmeida/Documentos/github/mediconecta/backend/src/repository/AnnouncementRepository.ts","statementMap":{"0":{"start":{"line":1,"column":0},"end":{"line":1,"column":53}},"1":{"start":{"line":11,"column":4},"end":{"line":16,"column":7}},"2":{"start":{"line":23,"column":4},"end":{"line":28,"column":7}},"3":{"start":{"line":32,"column":4},"end":{"line":36,"column":7}},"4":{"start":{"line":47,"column":25},"end":{"line":52,"column":6}},"5":{"start":{"line":53,"column":4},"end":{"line":55,"column":13}},"6":{"start":{"line":62,"column":15},"end":{"line":62,"column":20}},"7":{"start":{"line":63,"column":25},"end":{"line":68,"column":6}},"8":{"start":{"line":69,"column":4},"end":{"line":72,"column":5}},"9":{"start":{"line":70,"column":6},"end":{"line":70,"column":36}},"10":{"start":{"line":71,"column":6},"end":{"line":71,"column":18}},"11":{"start":{"line":73,"column":4},"end":{"line":73,"column":16}},"12":{"start":{"line":3,"column":0},"end":{"line":3,"column":13}}},"fnMap":{"0":{"name":"(anonymous_7)","decl":{"start":{"line":5,"column":8},"end":{"line":5,"column":26}},"loc":{"start":{"line":9,"column":16},"end":{"line":17,"column":null}}},"1":{"name":"(anonymous_9)","decl":{"start":{"line":19,"column":8},"end":{"line":19,"column":27}},"loc":{"start":{"line":21,"column":20},"end":{"line":29,"column":null}}},"2":{"name":"(anonymous_11)","decl":{"start":{"line":31,"column":8},"end":{"line":31,"column":27}},"loc":{"start":{"line":31,"column":44},"end":{"line":37,"column":null}}},"3":{"name":"(anonymous_13)","decl":{"start":{"line":39,"column":8},"end":{"line":39,"column":26}},"loc":{"start":{"line":45,"column":6},"end":{"line":56,"column":null}}},"4":{"name":"(anonymous_15)","decl":{"start":{"line":58,"column":8},"end":{"line":58,"column":26}},"loc":{"start":{"line":60,"column":20},"end":{"line":74,"column":null}}}},"branchMap":{"0":{"loc":{"start":{"line":53,"column":11},"end":{"line":55,"column":12}},"type":"cond-expr","locations":[{"start":{"line":54,"column":8},"end":{"line":54,"column":40}},{"start":{"line":55,"column":8},"end":{"line":55,"column":12}}]},"1":{"loc":{"start":{"line":69,"column":4},"end":{"line":72,"column":5}},"type":"if","locations":[{"start":{"line":69,"column":4},"end":{"line":72,"column":5}}]}},"s":{"0":1,"1":0,"2":0,"3":0,"4":0,"5":0,"6":0,"7":0,"8":0,"9":0,"10":0,"11":0,"12":1},"f":{"0":0,"1":0,"2":0,"3":0,"4":0},"b":{"0":[0,0],"1":[0]}}
,"/home/joaoalmeida/Documentos/github/mediconecta/backend/src/repository/AppointmentRepository.ts": {"path":"/home/joaoalmeida/Documentos/github/mediconecta/backend/src/repository/AppointmentRepository.ts","statementMap":{"0":{"start":{"line":1,"column":0},"end":{"line":1,"column":70}},"1":{"start":{"line":12,"column":4},"end":{"line":18,"column":7}},"2":{"start":{"line":22,"column":4},"end":{"line":27,"column":7}},"3":{"start":{"line":31,"column":4},"end":{"line":35,"column":7}},"4":{"start":{"line":49,"column":24},"end":{"line":54,"column":6}},"5":{"start":{"line":55,"column":4},"end":{"line":57,"column":13}},"6":{"start":{"line":61,"column":15},"end":{"line":61,"column":20}},"7":{"start":{"line":62,"column":24},"end":{"line":67,"column":6}},"8":{"start":{"line":68,"column":4},"end":{"line":71,"column":5}},"9":{"start":{"line":69,"column":6},"end":{"line":69,"column":35}},"10":{"start":{"line":70,"column":6},"end":{"line":70,"column":18}},"11":{"start":{"line":72,"column":4},"end":{"line":72,"column":16}},"12":{"start":{"line":3,"column":0},"end":{"line":3,"column":13}}},"fnMap":{"0":{"name":"(anonymous_7)","decl":{"start":{"line":5,"column":8},"end":{"line":5,"column":25}},"loc":{"start":{"line":10,"column":21},"end":{"line":19,"column":null}}},"1":{"name":"(anonymous_9)","decl":{"start":{"line":21,"column":8},"end":{"line":21,"column":26}},"loc":{"start":{"line":21,"column":66},"end":{"line":28,"column":null}}},"2":{"name":"(anonymous_11)","decl":{"start":{"line":30,"column":8},"end":{"line":30,"column":26}},"loc":{"start":{"line":30,"column":43},"end":{"line":36,"column":null}}},"3":{"name":"(anonymous_13)","decl":{"start":{"line":38,"column":8},"end":{"line":38,"column":25}},"loc":{"start":{"line":47,"column":6},"end":{"line":58,"column":null}}},"4":{"name":"(anonymous_15)","decl":{"start":{"line":60,"column":8},"end":{"line":60,"column":25}},"loc":{"start":{"line":60,"column":65},"end":{"line":73,"column":null}}}},"branchMap":{"0":{"loc":{"start":{"line":55,"column":11},"end":{"line":57,"column":12}},"type":"cond-expr","locations":[{"start":{"line":56,"column":8},"end":{"line":56,"column":39}},{"start":{"line":57,"column":8},"end":{"line":57,"column":12}}]},"1":{"loc":{"start":{"line":68,"column":4},"end":{"line":71,"column":5}},"type":"if","locations":[{"start":{"line":68,"column":4},"end":{"line":71,"column":5}}]}},"s":{"0":1,"1":0,"2":0,"3":0,"4":0,"5":0,"6":0,"7":0,"8":0,"9":0,"10":0,"11":0,"12":1},"f":{"0":0,"1":0,"2":0,"3":0,"4":0},"b":{"0":[0,0],"1":[0]}}
,"/home/joaoalmeida/Documentos/github/mediconecta/backend/src/repository/ClinicRepository.ts": {"path":"/home/joaoalmeida/Documentos/github/mediconecta/backend/src/repository/ClinicRepository.ts","statementMap":{"0":{"start":{"line":1,"column":0},"end":{"line":1,"column":41}},"1":{"start":{"line":14,"column":4},"end":{"line":22,"column":7}},"2":{"start":{"line":26,"column":4},"end":{"line":26,"column":37}},"3":{"start":{"line":30,"column":4},"end":{"line":30,"column":34}},"4":{"start":{"line":44,"column":19},"end":{"line":44,"column":44}},"5":{"start":{"line":45,"column":4},"end":{"line":47,"column":13}},"6":{"start":{"line":51,"column":15},"end":{"line":51,"column":20}},"7":{"start":{"line":52,"column":19},"end":{"line":52,"column":44}},"8":{"start":{"line":53,"column":4},"end":{"line":56,"column":5}},"9":{"start":{"line":54,"column":6},"end":{"line":54,"column":30}},"10":{"start":{"line":55,"column":6},"end":{"line":55,"column":18}},"11":{"start":{"line":57,"column":4},"end":{"line":57,"column":16}},"12":{"start":{"line":3,"column":0},"end":{"line":3,"column":13}}},"fnMap":{"0":{"name":"(anonymous_7)","decl":{"start":{"line":5,"column":8},"end":{"line":5,"column":20}},"loc":{"start":{"line":12,"column":17},"end":{"line":23,"column":null}}},"1":{"name":"(anonymous_9)","decl":{"start":{"line":25,"column":8},"end":{"line":25,"column":21}},"loc":{"start":{"line":25,"column":32},"end":{"line":27,"column":null}}},"2":{"name":"(anonymous_11)","decl":{"start":{"line":29,"column":8},"end":{"line":29,"column":21}},"loc":{"start":{"line":29,"column":21},"end":{"line":31,"column":null}}},"3":{"name":"(anonymous_13)","decl":{"start":{"line":33,"column":8},"end":{"line":33,"column":20}},"loc":{"start":{"line":43,"column":6},"end":{"line":48,"column":null}}},"4":{"name":"(anonymous_15)","decl":{"start":{"line":50,"column":8},"end":{"line":50,"column":20}},"loc":{"start":{"line":50,"column":31},"end":{"line":58,"column":null}}}},"branchMap":{"0":{"loc":{"start":{"line":45,"column":11},"end":{"line":47,"column":12}},"type":"cond-expr","locations":[{"start":{"line":46,"column":8},"end":{"line":46,"column":34}},{"start":{"line":47,"column":8},"end":{"line":47,"column":12}}]},"1":{"loc":{"start":{"line":53,"column":4},"end":{"line":56,"column":5}},"type":"if","locations":[{"start":{"line":53,"column":4},"end":{"line":56,"column":5}}]}},"s":{"0":1,"1":0,"2":0,"3":0,"4":0,"5":0,"6":0,"7":0,"8":0,"9":0,"10":0,"11":0,"12":1},"f":{"0":0,"1":0,"2":0,"3":0,"4":0},"b":{"0":[0,0],"1":[0]}}
,"/home/joaoalmeida/Documentos/github/mediconecta/backend/src/repository/DoctorRepository.ts": {"path":"/home/joaoalmeida/Documentos/github/mediconecta/backend/src/repository/DoctorRepository.ts","statementMap":{"0":{"start":{"line":1,"column":0},"end":{"line":1,"column":41}},"1":{"start":{"line":13,"column":4},"end":{"line":20,"column":7}},"2":{"start":{"line":27,"column":4},"end":{"line":32,"column":7}},"3":{"start":{"line":36,"column":4},"end":{"line":40,"column":7}},"4":{"start":{"line":53,"column":19},"end":{"line":58,"column":6}},"5":{"start":{"line":59,"column":4},"end":{"line":61,"column":13}},"6":{"start":{"line":68,"column":15},"end":{"line":68,"column":20}},"7":{"start":{"line":69,"column":19},"end":{"line":74,"column":6}},"8":{"start":{"line":75,"column":4},"end":{"line":78,"column":5}},"9":{"start":{"line":76,"column":8},"end":{"line":76,"column":32}},"10":{"start":{"line":77,"column":8},"end":{"line":77,"column":20}},"11":{"start":{"line":79,"column":4},"end":{"line":79,"column":16}},"12":{"start":{"line":3,"column":0},"end":{"line":3,"column":13}}},"fnMap":{"0":{"name":"(anonymous_7)","decl":{"start":{"line":5,"column":8},"end":{"line":5,"column":20}},"loc":{"start":{"line":11,"column":30},"end":{"line":21,"column":null}}},"1":{"name":"(anonymous_9)","decl":{"start":{"line":23,"column":8},"end":{"line":23,"column":21}},"loc":{"start":{"line":25,"column":20},"end":{"line":33,"column":null}}},"2":{"name":"(anonymous_11)","decl":{"start":{"line":35,"column":8},"end":{"line":35,"column":21}},"loc":{"start":{"line":35,"column":38},"end":{"line":41,"column":null}}},"3":{"name":"(anonymous_13)","decl":{"start":{"line":43,"column":8},"end":{"line":43,"column":20}},"loc":{"start":{"line":51,"column":6},"end":{"line":62,"column":null}}},"4":{"name":"(anonymous_15)","decl":{"start":{"line":64,"column":8},"end":{"line":64,"column":20}},"loc":{"start":{"line":66,"column":20},"end":{"line":80,"column":null}}}},"branchMap":{"0":{"loc":{"start":{"line":59,"column":11},"end":{"line":61,"column":12}},"type":"cond-expr","locations":[{"start":{"line":60,"column":8},"end":{"line":60,"column":34}},{"start":{"line":61,"column":8},"end":{"line":61,"column":12}}]},"1":{"loc":{"start":{"line":75,"column":4},"end":{"line":78,"column":5}},"type":"if","locations":[{"start":{"line":75,"column":4},"end":{"line":78,"column":5}}]}},"s":{"0":1,"1":0,"2":0,"3":0,"4":0,"5":0,"6":0,"7":0,"8":0,"9":0,"10":0,"11":0,"12":1},"f":{"0":0,"1":0,"2":0,"3":0,"4":0},"b":{"0":[0,0],"1":[0]}}
,"/home/joaoalmeida/Documentos/github/mediconecta/backend/src/repository/PatientRepository.ts": {"path":"/home/joaoalmeida/Documentos/github/mediconecta/backend/src/repository/PatientRepository.ts","statementMap":{"0":{"start":{"line":1,"column":0},"end":{"line":1,"column":43}},"1":{"start":{"line":9,"column":4},"end":{"line":9,"column":52}},"2":{"start":{"line":16,"column":4},"end":{"line":21,"column":7}},"3":{"start":{"line":25,"column":4},"end":{"line":29,"column":7}},"4":{"start":{"line":36,"column":4},"end":{"line":36,"column":16}},"5":{"start":{"line":43,"column":15},"end":{"line":43,"column":20}},"6":{"start":{"line":44,"column":20},"end":{"line":49,"column":6}},"7":{"start":{"line":50,"column":4},"end":{"line":53,"column":5}},"8":{"start":{"line":51,"column":6},"end":{"line":51,"column":31}},"9":{"start":{"line":52,"column":6},"end":{"line":52,"column":18}},"10":{"start":{"line":54,"column":4},"end":{"line":54,"column":16}},"11":{"start":{"line":3,"column":0},"end":{"line":3,"column":13}}},"fnMap":{"0":{"name":"(anonymous_7)","decl":{"start":{"line":5,"column":8},"end":{"line":5,"column":21}},"loc":{"start":{"line":7,"column":20},"end":{"line":10,"column":null}}},"1":{"name":"(anonymous_9)","decl":{"start":{"line":12,"column":8},"end":{"line":12,"column":22}},"loc":{"start":{"line":14,"column":20},"end":{"line":22,"column":null}}},"2":{"name":"(anonymous_11)","decl":{"start":{"line":24,"column":8},"end":{"line":24,"column":22}},"loc":{"start":{"line":24,"column":39},"end":{"line":30,"column":null}}},"3":{"name":"(anonymous_13)","decl":{"start":{"line":32,"column":8},"end":{"line":32,"column":21}},"loc":{"start":{"line":34,"column":20},"end":{"line":37,"column":null}}},"4":{"name":"(anonymous_15)","decl":{"start":{"line":39,"column":8},"end":{"line":39,"column":21}},"loc":{"start":{"line":41,"column":20},"end":{"line":55,"column":null}}}},"branchMap":{"0":{"loc":{"start":{"line":50,"column":4},"end":{"line":53,"column":5}},"type":"if","locations":[{"start":{"line":50,"column":4},"end":{"line":53,"column":5}}]}},"s":{"0":1,"1":0,"2":0,"3":0,"4":0,"5":0,"6":0,"7":0,"8":0,"9":0,"10":0,"11":1},"f":{"0":0,"1":0,"2":0,"3":0,"4":0},"b":{"0":[0]}}
,"/home/joaoalmeida/Documentos/github/mediconecta/backend/src/repository/RecordRepository.ts": {"path":"/home/joaoalmeida/Documentos/github/mediconecta/backend/src/repository/RecordRepository.ts","statementMap":{"0":{"start":{"line":1,"column":0},"end":{"line":1,"column":40}},"1":{"start":{"line":11,"column":19},"end":{"line":16,"column":6}},"2":{"start":{"line":18,"column":4},"end":{"line":21,"column":5}},"3":{"start":{"line":19,"column":6},"end":{"line":19,"column":52}},"4":{"start":{"line":20,"column":6},"end":{"line":20,"column":26}},"5":{"start":{"line":23,"column":4},"end":{"line":23,"column":18}},"6":{"start":{"line":32,"column":19},"end":{"line":37,"column":6}},"7":{"start":{"line":39,"column":4},"end":{"line":41,"column":13}},"8":{"start":{"line":48,"column":19},"end":{"line":53,"column":6}},"9":{"start":{"line":55,"column":4},"end":{"line":55,"column":18}},"10":{"start":{"line":65,"column":19},"end":{"line":70,"column":6}},"11":{"start":{"line":72,"column":4},"end":{"line":75,"column":5}},"12":{"start":{"line":73,"column":6},"end":{"line":73,"column":38}},"13":{"start":{"line":74,"column":6},"end":{"line":74,"column":26}},"14":{"start":{"line":77,"column":4},"end":{"line":77,"column":18}},"15":{"start":{"line":85,"column":15},"end":{"line":85,"column":20}},"16":{"start":{"line":87,"column":19},"end":{"line":92,"column":6}},"17":{"start":{"line":94,"column":4},"end":{"line":98,"column":5}},"18":{"start":{"line":95,"column":6},"end":{"line":95,"column":38}},"19":{"start":{"line":96,"column":6},"end":{"line":96,"column":26}},"20":{"start":{"line":97,"column":6},"end":{"line":97,"column":18}},"21":{"start":{"line":100,"column":4},"end":{"line":100,"column":16}},"22":{"start":{"line":3,"column":0},"end":{"line":3,"column":13}}},"fnMap":{"0":{"name":"(anonymous_7)","decl":{"start":{"line":5,"column":8},"end":{"line":5,"column":25}},"loc":{"start":{"line":8,"column":19},"end":{"line":24,"column":null}}},"1":{"name":"(anonymous_9)","decl":{"start":{"line":26,"column":8},"end":{"line":26,"column":29}},"loc":{"start":{"line":29,"column":17},"end":{"line":42,"column":null}}},"2":{"name":"(anonymous_11)","decl":{"start":{"line":44,"column":8},"end":{"line":44,"column":27}},"loc":{"start":{"line":46,"column":20},"end":{"line":56,"column":null}}},"3":{"name":"(anonymous_13)","decl":{"start":{"line":58,"column":8},"end":{"line":58,"column":25}},"loc":{"start":{"line":62,"column":19},"end":{"line":78,"column":null}}},"4":{"name":"(anonymous_15)","decl":{"start":{"line":80,"column":8},"end":{"line":80,"column":25}},"loc":{"start":{"line":83,"column":17},"end":{"line":102,"column":null}}}},"branchMap":{"0":{"loc":{"start":{"line":18,"column":4},"end":{"line":21,"column":5}},"type":"if","locations":[{"start":{"line":18,"column":4},"end":{"line":21,"column":5}}]},"1":{"loc":{"start":{"line":39,"column":11},"end":{"line":41,"column":12}},"type":"cond-expr","locations":[{"start":{"line":40,"column":8},"end":{"line":40,"column":30}},{"start":{"line":41,"column":8},"end":{"line":41,"column":12}}]},"2":{"loc":{"start":{"line":72,"column":4},"end":{"line":75,"column":5}},"type":"if","locations":[{"start":{"line":72,"column":4},"end":{"line":75,"column":5}}]},"3":{"loc":{"start":{"line":72,"column":8},"end":{"line":72,"column":39}},"type":"binary-expr","locations":[{"start":{"line":72,"column":8},"end":{"line":72,"column":14}},{"start":{"line":72,"column":18},"end":{"line":72,"column":39}}]},"4":{"loc":{"start":{"line":94,"column":4},"end":{"line":98,"column":5}},"type":"if","locations":[{"start":{"line":94,"column":4},"end":{"line":98,"column":5}}]},"5":{"loc":{"start":{"line":94,"column":8},"end":{"line":94,"column":39}},"type":"binary-expr","locations":[{"start":{"line":94,"column":8},"end":{"line":94,"column":14}},{"start":{"line":94,"column":18},"end":{"line":94,"column":39}}]}},"s":{"0":1,"1":0,"2":0,"3":0,"4":0,"5":0,"6":0,"7":0,"8":0,"9":0,"10":0,"11":0,"12":0,"13":0,"14":0,"15":0,"16":0,"17":0,"18":0,"19":0,"20":0,"21":0,"22":1},"f":{"0":0,"1":0,"2":0,"3":0,"4":0},"b":{"0":[0],"1":[0,0],"2":[0],"3":[0,0],"4":[0],"5":[0,0]}}
,"/home/joaoalmeida/Documentos/github/mediconecta/backend/src/repository/SecretaryRepository.ts": {"path":"/home/joaoalmeida/Documentos/github/mediconecta/backend/src/repository/SecretaryRepository.ts","statementMap":{"0":{"start":{"line":1,"column":0},"end":{"line":1,"column":47}},"1":{"start":{"line":10,"column":4},"end":{"line":14,"column":7}},"2":{"start":{"line":21,"column":4},"end":{"line":26,"column":7}},"3":{"start":{"line":30,"column":4},"end":{"line":34,"column":7}},"4":{"start":{"line":44,"column":22},"end":{"line":49,"column":6}},"5":{"start":{"line":50,"column":4},"end":{"line":52,"column":13}},"6":{"start":{"line":59,"column":15},"end":{"line":59,"column":20}},"7":{"start":{"line":60,"column":22},"end":{"line":65,"column":6}},"8":{"start":{"line":66,"column":4},"end":{"line":69,"column":3}},"9":{"start":{"line":67,"column":6},"end":{"line":67,"column":33}},"10":{"start":{"line":68,"column":6},"end":{"line":68,"column":18}},"11":{"start":{"line":70,"column":2},"end":{"line":70,"column":14}},"12":{"start":{"line":3,"column":0},"end":{"line":3,"column":13}}},"fnMap":{"0":{"name":"(anonymous_7)","decl":{"start":{"line":5,"column":8},"end":{"line":5,"column":23}},"loc":{"start":{"line":8,"column":33},"end":{"line":15,"column":null}}},"1":{"name":"(anonymous_9)","decl":{"start":{"line":17,"column":8},"end":{"line":17,"column":24}},"loc":{"start":{"line":19,"column":20},"end":{"line":27,"column":null}}},"2":{"name":"(anonymous_11)","decl":{"start":{"line":29,"column":8},"end":{"line":29,"column":25}},"loc":{"start":{"line":29,"column":42},"end":{"line":35,"column":null}}},"3":{"name":"(anonymous_13)","decl":{"start":{"line":37,"column":8},"end":{"line":37,"column":23}},"loc":{"start":{"line":42,"column":6},"end":{"line":53,"column":null}}},"4":{"name":"(anonymous_15)","decl":{"start":{"line":55,"column":8},"end":{"line":55,"column":23}},"loc":{"start":{"line":57,"column":20},"end":{"line":71,"column":null}}}},"branchMap":{"0":{"loc":{"start":{"line":50,"column":11},"end":{"line":52,"column":12}},"type":"cond-expr","locations":[{"start":{"line":51,"column":8},"end":{"line":51,"column":37}},{"start":{"line":52,"column":8},"end":{"line":52,"column":12}}]},"1":{"loc":{"start":{"line":66,"column":4},"end":{"line":69,"column":3}},"type":"if","locations":[{"start":{"line":66,"column":4},"end":{"line":69,"column":3}}]}},"s":{"0":1,"1":0,"2":0,"3":0,"4":0,"5":0,"6":0,"7":0,"8":0,"9":0,"10":0,"11":0,"12":1},"f":{"0":0,"1":0,"2":0,"3":0,"4":0},"b":{"0":[0,0],"1":[0]}}
,"/home/joaoalmeida/Documentos/github/mediconecta/backend/src/repository/UserRepository.ts": {"path":"/home/joaoalmeida/Documentos/github/mediconecta/backend/src/repository/UserRepository.ts","statementMap":{"0":{"start":{"line":1,"column":0},"end":{"line":1,"column":45}},"1":{"start":{"line":15,"column":4},"end":{"line":24,"column":7}},"2":{"start":{"line":28,"column":4},"end":{"line":28,"column":35}},"3":{"start":{"line":32,"column":4},"end":{"line":32,"column":32}},"4":{"start":{"line":48,"column":17},"end":{"line":48,"column":40}},"5":{"start":{"line":49,"column":4},"end":{"line":51,"column":13}},"6":{"start":{"line":55,"column":15},"end":{"line":55,"column":20}},"7":{"start":{"line":56,"column":17},"end":{"line":56,"column":40}},"8":{"start":{"line":57,"column":4},"end":{"line":60,"column":5}},"9":{"start":{"line":58,"column":6},"end":{"line":58,"column":28}},"10":{"start":{"line":59,"column":6},"end":{"line":59,"column":18}},"11":{"start":{"line":61,"column":4},"end":{"line":61,"column":16}},"12":{"start":{"line":3,"column":0},"end":{"line":3,"column":13}}},"fnMap":{"0":{"name":"(anonymous_7)","decl":{"start":{"line":5,"column":8},"end":{"line":5,"column":18}},"loc":{"start":{"line":13,"column":17},"end":{"line":25,"column":null}}},"1":{"name":"(anonymous_9)","decl":{"start":{"line":27,"column":8},"end":{"line":27,"column":19}},"loc":{"start":{"line":27,"column":30},"end":{"line":29,"column":null}}},"2":{"name":"(anonymous_11)","decl":{"start":{"line":31,"column":8},"end":{"line":31,"column":19}},"loc":{"start":{"line":31,"column":19},"end":{"line":33,"column":null}}},"3":{"name":"(anonymous_13)","decl":{"start":{"line":35,"column":8},"end":{"line":35,"column":18}},"loc":{"start":{"line":46,"column":6},"end":{"line":52,"column":null}}},"4":{"name":"(anonymous_15)","decl":{"start":{"line":54,"column":8},"end":{"line":54,"column":18}},"loc":{"start":{"line":54,"column":29},"end":{"line":62,"column":null}}}},"branchMap":{"0":{"loc":{"start":{"line":49,"column":11},"end":{"line":51,"column":12}},"type":"cond-expr","locations":[{"start":{"line":50,"column":8},"end":{"line":50,"column":32}},{"start":{"line":51,"column":8},"end":{"line":51,"column":12}}]},"1":{"loc":{"start":{"line":57,"column":4},"end":{"line":60,"column":5}},"type":"if","locations":[{"start":{"line":57,"column":4},"end":{"line":60,"column":5}}]}},"s":{"0":2,"1":0,"2":0,"3":0,"4":0,"5":0,"6":0,"7":0,"8":0,"9":0,"10":0,"11":0,"12":2},"f":{"0":0,"1":0,"2":0,"3":0,"4":0},"b":{"0":[0,0],"1":[0]}}
,"/home/joaoalmeida/Documentos/github/mediconecta/backend/src/service/AnnouncementService.ts": {"path":"/home/joaoalmeida/Documentos/github/mediconecta/backend/src/service/AnnouncementService.ts","statementMap":{"0":{"start":{"line":2,"column":0},"end":{"line":2,"column":78}},"1":{"start":{"line":3,"column":0},"end":{"line":3,"column":46}},"2":{"start":{"line":10,"column":4},"end":{"line":10,"column":89}},"3":{"start":{"line":20,"column":4},"end":{"line":20,"column":49}},"4":{"start":{"line":21,"column":4},"end":{"line":21,"column":47}},"5":{"start":{"line":23,"column":4},"end":{"line":28,"column":6}},"6":{"start":{"line":36,"column":4},"end":{"line":36,"column":92}},"7":{"start":{"line":40,"column":4},"end":{"line":40,"column":75}},"8":{"start":{"line":52,"column":4},"end":{"line":52,"column":70}},"9":{"start":{"line":52,"column":20},"end":{"line":52,"column":70}},"10":{"start":{"line":53,"column":4},"end":{"line":53,"column":68}},"11":{"start":{"line":53,"column":19},"end":{"line":53,"column":68}},"12":{"start":{"line":55,"column":4},"end":{"line":55,"column":97}},"13":{"start":{"line":62,"column":4},"end":{"line":62,"column":91}},"14":{"start":{"line":5,"column":0},"end":{"line":5,"column":13}}},"fnMap":{"0":{"name":"(anonymous_8)","decl":{"start":{"line":9,"column":2},"end":{"line":9,"column":14}},"loc":{"start":{"line":9,"column":61},"end":{"line":11,"column":3}}},"1":{"name":"(anonymous_9)","decl":{"start":{"line":13,"column":8},"end":{"line":13,"column":26}},"loc":{"start":{"line":17,"column":16},"end":{"line":30,"column":null}}},"2":{"name":"(anonymous_11)","decl":{"start":{"line":32,"column":8},"end":{"line":32,"column":27}},"loc":{"start":{"line":34,"column":20},"end":{"line":37,"column":null}}},"3":{"name":"(anonymous_13)","decl":{"start":{"line":39,"column":8},"end":{"line":39,"column":27}},"loc":{"start":{"line":39,"column":44},"end":{"line":41,"column":null}}},"4":{"name":"(anonymous_15)","decl":{"start":{"line":43,"column":8},"end":{"line":43,"column":26}},"loc":{"start":{"line":49,"column":6},"end":{"line":56,"column":null}}},"5":{"name":"(anonymous_17)","decl":{"start":{"line":58,"column":8},"end":{"line":58,"column":26}},"loc":{"start":{"line":60,"column":20},"end":{"line":63,"column":null}}}},"branchMap":{"0":{"loc":{"start":{"line":10,"column":34},"end":{"line":10,"column":88}},"type":"binary-expr","locations":[{"start":{"line":10,"column":34},"end":{"line":10,"column":56}},{"start":{"line":10,"column":60},"end":{"line":10,"column":88}}]},"1":{"loc":{"start":{"line":52,"column":4},"end":{"line":52,"column":70}},"type":"if","locations":[{"start":{"line":52,"column":4},"end":{"line":52,"column":70}}]},"2":{"loc":{"start":{"line":53,"column":4},"end":{"line":53,"column":68}},"type":"if","locations":[{"start":{"line":53,"column":4},"end":{"line":53,"column":68}}]}},"s":{"0":1,"1":1,"2":10,"3":0,"4":0,"5":0,"6":0,"7":0,"8":0,"9":0,"10":0,"11":0,"12":0,"13":0,"14":1},"f":{"0":10,"1":0,"2":0,"3":0,"4":0,"5":0},"b":{"0":[10,0],"1":[0],"2":[0]}}
,"/home/joaoalmeida/Documentos/github/mediconecta/backend/src/service/AppointmentService.ts": {"path":"/home/joaoalmeida/Documentos/github/mediconecta/backend/src/service/AppointmentService.ts","statementMap":{"0":{"start":{"line":2,"column":0},"end":{"line":2,"column":76}},"1":{"start":{"line":3,"column":0},"end":{"line":3,"column":46}},"2":{"start":{"line":10,"column":4},"end":{"line":10,"column":86}},"3":{"start":{"line":21,"column":4},"end":{"line":21,"column":39}},"4":{"start":{"line":22,"column":4},"end":{"line":22,"column":45}},"5":{"start":{"line":24,"column":4},"end":{"line":30,"column":6}},"6":{"start":{"line":34,"column":4},"end":{"line":34,"column":88}},"7":{"start":{"line":38,"column":4},"end":{"line":38,"column":73}},"8":{"start":{"line":53,"column":4},"end":{"line":53,"column":59}},"9":{"start":{"line":53,"column":19},"end":{"line":53,"column":59}},"10":{"start":{"line":54,"column":4},"end":{"line":54,"column":70}},"11":{"start":{"line":54,"column":24},"end":{"line":54,"column":70}},"12":{"start":{"line":55,"column":4},"end":{"line":55,"column":72}},"13":{"start":{"line":55,"column":21},"end":{"line":55,"column":72}},"14":{"start":{"line":57,"column":4},"end":{"line":61,"column":6}},"15":{"start":{"line":65,"column":4},"end":{"line":65,"column":87}},"16":{"start":{"line":5,"column":0},"end":{"line":5,"column":13}}},"fnMap":{"0":{"name":"(anonymous_8)","decl":{"start":{"line":9,"column":2},"end":{"line":9,"column":14}},"loc":{"start":{"line":9,"column":59},"end":{"line":11,"column":3}}},"1":{"name":"(anonymous_9)","decl":{"start":{"line":13,"column":8},"end":{"line":13,"column":25}},"loc":{"start":{"line":18,"column":21},"end":{"line":31,"column":null}}},"2":{"name":"(anonymous_11)","decl":{"start":{"line":33,"column":8},"end":{"line":33,"column":26}},"loc":{"start":{"line":33,"column":66},"end":{"line":35,"column":null}}},"3":{"name":"(anonymous_13)","decl":{"start":{"line":37,"column":8},"end":{"line":37,"column":26}},"loc":{"start":{"line":37,"column":43},"end":{"line":39,"column":null}}},"4":{"name":"(anonymous_15)","decl":{"start":{"line":41,"column":8},"end":{"line":41,"column":25}},"loc":{"start":{"line":50,"column":6},"end":{"line":62,"column":null}}},"5":{"name":"(anonymous_17)","decl":{"start":{"line":64,"column":8},"end":{"line":64,"column":25}},"loc":{"start":{"line":64,"column":65},"end":{"line":66,"column":null}}}},"branchMap":{"0":{"loc":{"start":{"line":10,"column":33},"end":{"line":10,"column":85}},"type":"binary-expr","locations":[{"start":{"line":10,"column":33},"end":{"line":10,"column":54}},{"start":{"line":10,"column":58},"end":{"line":10,"column":85}}]},"1":{"loc":{"start":{"line":53,"column":4},"end":{"line":53,"column":59}},"type":"if","locations":[{"start":{"line":53,"column":4},"end":{"line":53,"column":59}}]},"2":{"loc":{"start":{"line":54,"column":4},"end":{"line":54,"column":70}},"type":"if","locations":[{"start":{"line":54,"column":4},"end":{"line":54,"column":70}}]},"3":{"loc":{"start":{"line":55,"column":4},"end":{"line":55,"column":72}},"type":"if","locations":[{"start":{"line":55,"column":4},"end":{"line":55,"column":72}}]}},"s":{"0":1,"1":1,"2":10,"3":0,"4":0,"5":0,"6":0,"7":0,"8":0,"9":0,"10":0,"11":0,"12":0,"13":0,"14":0,"15":0,"16":1},"f":{"0":10,"1":0,"2":0,"3":0,"4":0,"5":0},"b":{"0":[10,0],"1":[0],"2":[0],"3":[0]}}
,"/home/joaoalmeida/Documentos/github/mediconecta/backend/src/service/ClinicService.ts": {"path":"/home/joaoalmeida/Documentos/github/mediconecta/backend/src/service/ClinicService.ts","statementMap":{"0":{"start":{"line":2,"column":0},"end":{"line":2,"column":66}},"1":{"start":{"line":3,"column":0},"end":{"line":3,"column":46}},"2":{"start":{"line":4,"column":0},"end":{"line":4,"column":44}},"3":{"start":{"line":15,"column":4},"end":{"line":15,"column":56}},"4":{"start":{"line":16,"column":4},"end":{"line":16,"column":71}},"5":{"start":{"line":29,"column":4},"end":{"line":31,"column":5}},"6":{"start":{"line":30,"column":6},"end":{"line":30,"column":79}},"7":{"start":{"line":33,"column":4},"end":{"line":33,"column":35}},"8":{"start":{"line":34,"column":4},"end":{"line":34,"column":41}},"9":{"start":{"line":35,"column":4},"end":{"line":35,"column":51}},"10":{"start":{"line":36,"column":4},"end":{"line":36,"column":49}},"11":{"start":{"line":37,"column":4},"end":{"line":37,"column":37}},"12":{"start":{"line":38,"column":4},"end":{"line":38,"column":37}},"13":{"start":{"line":40,"column":4},"end":{"line":48,"column":6}},"14":{"start":{"line":52,"column":4},"end":{"line":52,"column":57}},"15":{"start":{"line":56,"column":4},"end":{"line":56,"column":55}},"16":{"start":{"line":72,"column":4},"end":{"line":76,"column":5}},"17":{"start":{"line":73,"column":6},"end":{"line":75,"column":7}},"18":{"start":{"line":74,"column":8},"end":{"line":74,"column":81}},"19":{"start":{"line":78,"column":4},"end":{"line":78,"column":55}},"20":{"start":{"line":78,"column":19},"end":{"line":78,"column":55}},"21":{"start":{"line":79,"column":4},"end":{"line":79,"column":64}},"22":{"start":{"line":79,"column":22},"end":{"line":79,"column":64}},"23":{"start":{"line":80,"column":4},"end":{"line":80,"column":79}},"24":{"start":{"line":80,"column":27},"end":{"line":80,"column":79}},"25":{"start":{"line":81,"column":4},"end":{"line":81,"column":76}},"26":{"start":{"line":81,"column":26},"end":{"line":81,"column":76}},"27":{"start":{"line":82,"column":4},"end":{"line":82,"column":58}},"28":{"start":{"line":82,"column":20},"end":{"line":82,"column":58}},"29":{"start":{"line":83,"column":4},"end":{"line":83,"column":58}},"30":{"start":{"line":83,"column":20},"end":{"line":83,"column":58}},"31":{"start":{"line":85,"column":4},"end":{"line":85,"column":62}},"32":{"start":{"line":89,"column":4},"end":{"line":89,"column":56}},"33":{"start":{"line":6,"column":0},"end":{"line":6,"column":13}}},"fnMap":{"0":{"name":"(anonymous_8)","decl":{"start":{"line":11,"column":2},"end":{"line":11,"column":null}},"loc":{"start":{"line":13,"column":39},"end":{"line":17,"column":3}}},"1":{"name":"(anonymous_9)","decl":{"start":{"line":19,"column":8},"end":{"line":19,"column":20}},"loc":{"start":{"line":26,"column":17},"end":{"line":49,"column":null}}},"2":{"name":"(anonymous_11)","decl":{"start":{"line":51,"column":8},"end":{"line":51,"column":21}},"loc":{"start":{"line":51,"column":32},"end":{"line":53,"column":null}}},"3":{"name":"(anonymous_13)","decl":{"start":{"line":55,"column":8},"end":{"line":55,"column":21}},"loc":{"start":{"line":55,"column":21},"end":{"line":57,"column":null}}},"4":{"name":"(anonymous_15)","decl":{"start":{"line":59,"column":8},"end":{"line":59,"column":20}},"loc":{"start":{"line":69,"column":6},"end":{"line":86,"column":null}}},"5":{"name":"(anonymous_17)","decl":{"start":{"line":88,"column":8},"end":{"line":88,"column":20}},"loc":{"start":{"line":88,"column":31},"end":{"line":90,"column":null}}}},"branchMap":{"0":{"loc":{"start":{"line":15,"column":23},"end":{"line":15,"column":55}},"type":"binary-expr","locations":[{"start":{"line":15,"column":23},"end":{"line":15,"column":34}},{"start":{"line":15,"column":38},"end":{"line":15,"column":55}}]},"1":{"loc":{"start":{"line":16,"column":28},"end":{"line":16,"column":70}},"type":"binary-expr","locations":[{"start":{"line":16,"column":28},"end":{"line":16,"column":44}},{"start":{"line":16,"column":48},"end":{"line":16,"column":70}}]},"2":{"loc":{"start":{"line":29,"column":4},"end":{"line":31,"column":5}},"type":"if","locations":[{"start":{"line":29,"column":4},"end":{"line":31,"column":5}}]},"3":{"loc":{"start":{"line":72,"column":4},"end":{"line":76,"column":5}},"type":"if","locations":[{"start":{"line":72,"column":4},"end":{"line":76,"column":5}}]},"4":{"loc":{"start":{"line":73,"column":6},"end":{"line":75,"column":7}},"type":"if","locations":[{"start":{"line":73,"column":6},"end":{"line":75,"column":7}}]},"5":{"loc":{"start":{"line":78,"column":4},"end":{"line":78,"column":55}},"type":"if","locations":[{"start":{"line":78,"column":4},"end":{"line":78,"column":55}}]},"6":{"loc":{"start":{"line":79,"column":4},"end":{"line":79,"column":64}},"type":"if","locations":[{"start":{"line":79,"column":4},"end":{"line":79,"column":64}}]},"7":{"loc":{"start":{"line":80,"column":4},"end":{"line":80,"column":79}},"type":"if","locations":[{"start":{"line":80,"column":4},"end":{"line":80,"column":79}}]},"8":{"loc":{"start":{"line":81,"column":4},"end":{"line":81,"column":76}},"type":"if","locations":[{"start":{"line":81,"column":4},"end":{"line":81,"column":76}}]},"9":{"loc":{"start":{"line":82,"column":4},"end":{"line":82,"column":58}},"type":"if","locations":[{"start":{"line":82,"column":4},"end":{"line":82,"column":58}}]},"10":{"loc":{"start":{"line":83,"column":4},"end":{"line":83,"column":58}},"type":"if","locations":[{"start":{"line":83,"column":4},"end":{"line":83,"column":58}}]}},"s":{"0":1,"1":1,"2":1,"3":10,"4":10,"5":0,"6":0,"7":0,"8":0,"9":0,"10":0,"11":0,"12":0,"13":0,"14":0,"15":0,"16":0,"17":0,"18":0,"19":0,"20":0,"21":0,"22":0,"23":0,"24":0,"25":0,"26":0,"27":0,"28":0,"29":0,"30":0,"31":0,"32":0,"33":1},"f":{"0":10,"1":0,"2":0,"3":0,"4":0,"5":0},"b":{"0":[10,0],"1":[10,0],"2":[0],"3":[0],"4":[0],"5":[0],"6":[0],"7":[0],"8":[0],"9":[0],"10":[0]}}
,"/home/joaoalmeida/Documentos/github/mediconecta/backend/src/service/DoctorService.ts": {"path":"/home/joaoalmeida/Documentos/github/mediconecta/backend/src/service/DoctorService.ts","statementMap":{"0":{"start":{"line":2,"column":0},"end":{"line":2,"column":66}},"1":{"start":{"line":3,"column":0},"end":{"line":3,"column":46}},"2":{"start":{"line":10,"column":4},"end":{"line":10,"column":71}},"3":{"start":{"line":22,"column":4},"end":{"line":22,"column":55}},"4":{"start":{"line":23,"column":4},"end":{"line":23,"column":69}},"5":{"start":{"line":23,"column":22},"end":{"line":23,"column":69}},"6":{"start":{"line":24,"column":4},"end":{"line":24,"column":47}},"7":{"start":{"line":25,"column":4},"end":{"line":25,"column":60}},"8":{"start":{"line":25,"column":19},"end":{"line":25,"column":60}},"9":{"start":{"line":27,"column":4},"end":{"line":34,"column":6}},"10":{"start":{"line":41,"column":4},"end":{"line":41,"column":71}},"11":{"start":{"line":45,"column":4},"end":{"line":45,"column":63}},"12":{"start":{"line":58,"column":4},"end":{"line":58,"column":82}},"13":{"start":{"line":58,"column":26},"end":{"line":58,"column":82}},"14":{"start":{"line":59,"column":4},"end":{"line":59,"column":79}},"15":{"start":{"line":59,"column":27},"end":{"line":59,"column":79}},"16":{"start":{"line":60,"column":4},"end":{"line":60,"column":72}},"17":{"start":{"line":60,"column":24},"end":{"line":60,"column":72}},"18":{"start":{"line":61,"column":4},"end":{"line":61,"column":70}},"19":{"start":{"line":61,"column":24},"end":{"line":61,"column":70}},"20":{"start":{"line":63,"column":4},"end":{"line":63,"column":76}},"21":{"start":{"line":70,"column":4},"end":{"line":70,"column":70}},"22":{"start":{"line":5,"column":0},"end":{"line":5,"column":13}}},"fnMap":{"0":{"name":"(anonymous_8)","decl":{"start":{"line":9,"column":2},"end":{"line":9,"column":14}},"loc":{"start":{"line":9,"column":49},"end":{"line":11,"column":3}}},"1":{"name":"(anonymous_9)","decl":{"start":{"line":13,"column":8},"end":{"line":13,"column":20}},"loc":{"start":{"line":19,"column":30},"end":{"line":35,"column":null}}},"2":{"name":"(anonymous_11)","decl":{"start":{"line":37,"column":8},"end":{"line":37,"column":21}},"loc":{"start":{"line":39,"column":20},"end":{"line":42,"column":null}}},"3":{"name":"(anonymous_13)","decl":{"start":{"line":44,"column":8},"end":{"line":44,"column":21}},"loc":{"start":{"line":44,"column":38},"end":{"line":46,"column":null}}},"4":{"name":"(anonymous_15)","decl":{"start":{"line":48,"column":8},"end":{"line":48,"column":20}},"loc":{"start":{"line":56,"column":6},"end":{"line":64,"column":null}}},"5":{"name":"(anonymous_17)","decl":{"start":{"line":66,"column":8},"end":{"line":66,"column":20}},"loc":{"start":{"line":68,"column":20},"end":{"line":71,"column":null}}}},"branchMap":{"0":{"loc":{"start":{"line":10,"column":28},"end":{"line":10,"column":70}},"type":"binary-expr","locations":[{"start":{"line":10,"column":28},"end":{"line":10,"column":44}},{"start":{"line":10,"column":48},"end":{"line":10,"column":70}}]},"1":{"loc":{"start":{"line":23,"column":4},"end":{"line":23,"column":69}},"type":"if","locations":[{"start":{"line":23,"column":4},"end":{"line":23,"column":69}}]},"2":{"loc":{"start":{"line":25,"column":4},"end":{"line":25,"column":60}},"type":"if","locations":[{"start":{"line":25,"column":4},"end":{"line":25,"column":60}}]},"3":{"loc":{"start":{"line":58,"column":4},"end":{"line":58,"column":82}},"type":"if","locations":[{"start":{"line":58,"column":4},"end":{"line":58,"column":82}}]},"4":{"loc":{"start":{"line":59,"column":4},"end":{"line":59,"column":79}},"type":"if","locations":[{"start":{"line":59,"column":4},"end":{"line":59,"column":79}}]},"5":{"loc":{"start":{"line":60,"column":4},"end":{"line":60,"column":72}},"type":"if","locations":[{"start":{"line":60,"column":4},"end":{"line":60,"column":72}}]},"6":{"loc":{"start":{"line":61,"column":4},"end":{"line":61,"column":70}},"type":"if","locations":[{"start":{"line":61,"column":4},"end":{"line":61,"column":70}}]}},"s":{"0":1,"1":1,"2":10,"3":0,"4":0,"5":0,"6":0,"7":0,"8":0,"9":0,"10":0,"11":0,"12":0,"13":0,"14":0,"15":0,"16":0,"17":0,"18":0,"19":0,"20":0,"21":0,"22":1},"f":{"0":10,"1":0,"2":0,"3":0,"4":0,"5":0},"b":{"0":[10,0],"1":[0],"2":[0],"3":[0],"4":[0],"5":[0],"6":[0]}}
,"/home/joaoalmeida/Documentos/github/mediconecta/backend/src/service/PatientService.ts": {"path":"/home/joaoalmeida/Documentos/github/mediconecta/backend/src/service/PatientService.ts","statementMap":{"0":{"start":{"line":2,"column":0},"end":{"line":2,"column":68}},"1":{"start":{"line":10,"column":4},"end":{"line":10,"column":74}},"2":{"start":{"line":17,"column":4},"end":{"line":17,"column":72}},"3":{"start":{"line":24,"column":4},"end":{"line":24,"column":73}},"4":{"start":{"line":28,"column":4},"end":{"line":28,"column":65}},"5":{"start":{"line":35,"column":4},"end":{"line":35,"column":72}},"6":{"start":{"line":42,"column":4},"end":{"line":42,"column":72}},"7":{"start":{"line":5,"column":0},"end":{"line":5,"column":13}}},"fnMap":{"0":{"name":"(anonymous_7)","decl":{"start":{"line":9,"column":2},"end":{"line":9,"column":14}},"loc":{"start":{"line":9,"column":51},"end":{"line":11,"column":3}}},"1":{"name":"(anonymous_8)","decl":{"start":{"line":13,"column":8},"end":{"line":13,"column":21}},"loc":{"start":{"line":15,"column":20},"end":{"line":18,"column":null}}},"2":{"name":"(anonymous_10)","decl":{"start":{"line":20,"column":8},"end":{"line":20,"column":22}},"loc":{"start":{"line":22,"column":20},"end":{"line":25,"column":null}}},"3":{"name":"(anonymous_12)","decl":{"start":{"line":27,"column":8},"end":{"line":27,"column":22}},"loc":{"start":{"line":27,"column":39},"end":{"line":29,"column":null}}},"4":{"name":"(anonymous_14)","decl":{"start":{"line":31,"column":8},"end":{"line":31,"column":21}},"loc":{"start":{"line":33,"column":20},"end":{"line":36,"column":null}}},"5":{"name":"(anonymous_16)","decl":{"start":{"line":38,"column":8},"end":{"line":38,"column":21}},"loc":{"start":{"line":40,"column":20},"end":{"line":43,"column":null}}}},"branchMap":{"0":{"loc":{"start":{"line":10,"column":29},"end":{"line":10,"column":73}},"type":"binary-expr","locations":[{"start":{"line":10,"column":29},"end":{"line":10,"column":46}},{"start":{"line":10,"column":50},"end":{"line":10,"column":73}}]}},"s":{"0":1,"1":10,"2":0,"3":0,"4":0,"5":0,"6":0,"7":1},"f":{"0":10,"1":0,"2":0,"3":0,"4":0,"5":0},"b":{"0":[10,0]}}
,"/home/joaoalmeida/Documentos/github/mediconecta/backend/src/service/RecordService.ts": {"path":"/home/joaoalmeida/Documentos/github/mediconecta/backend/src/service/RecordService.ts","statementMap":{"0":{"start":{"line":2,"column":0},"end":{"line":2,"column":66}},"1":{"start":{"line":3,"column":0},"end":{"line":3,"column":46}},"2":{"start":{"line":10,"column":4},"end":{"line":10,"column":71}},"3":{"start":{"line":19,"column":4},"end":{"line":19,"column":52}},"4":{"start":{"line":21,"column":4},"end":{"line":25,"column":6}},"5":{"start":{"line":33,"column":4},"end":{"line":33,"column":86}},"6":{"start":{"line":40,"column":4},"end":{"line":40,"column":77}},"7":{"start":{"line":50,"column":4},"end":{"line":50,"column":52}},"8":{"start":{"line":52,"column":4},"end":{"line":52,"column":91}},"9":{"start":{"line":60,"column":4},"end":{"line":60,"column":82}},"10":{"start":{"line":5,"column":0},"end":{"line":5,"column":13}}},"fnMap":{"0":{"name":"(anonymous_8)","decl":{"start":{"line":9,"column":2},"end":{"line":9,"column":14}},"loc":{"start":{"line":9,"column":49},"end":{"line":11,"column":3}}},"1":{"name":"(anonymous_9)","decl":{"start":{"line":13,"column":8},"end":{"line":13,"column":25}},"loc":{"start":{"line":16,"column":19},"end":{"line":26,"column":null}}},"2":{"name":"(anonymous_11)","decl":{"start":{"line":28,"column":8},"end":{"line":28,"column":29}},"loc":{"start":{"line":31,"column":17},"end":{"line":34,"column":null}}},"3":{"name":"(anonymous_13)","decl":{"start":{"line":36,"column":8},"end":{"line":36,"column":27}},"loc":{"start":{"line":38,"column":20},"end":{"line":41,"column":null}}},"4":{"name":"(anonymous_15)","decl":{"start":{"line":43,"column":8},"end":{"line":43,"column":25}},"loc":{"start":{"line":47,"column":19},"end":{"line":53,"column":null}}},"5":{"name":"(anonymous_17)","decl":{"start":{"line":55,"column":8},"end":{"line":55,"column":25}},"loc":{"start":{"line":58,"column":17},"end":{"line":61,"column":null}}}},"branchMap":{"0":{"loc":{"start":{"line":10,"column":28},"end":{"line":10,"column":70}},"type":"binary-expr","locations":[{"start":{"line":10,"column":28},"end":{"line":10,"column":44}},{"start":{"line":10,"column":48},"end":{"line":10,"column":70}}]}},"s":{"0":1,"1":1,"2":10,"3":0,"4":0,"5":0,"6":0,"7":0,"8":0,"9":0,"10":1},"f":{"0":10,"1":0,"2":0,"3":0,"4":0,"5":0},"b":{"0":[10,0]}}
,"/home/joaoalmeida/Documentos/github/mediconecta/backend/src/service/SecretaryService.ts": {"path":"/home/joaoalmeida/Documentos/github/mediconecta/backend/src/service/SecretaryService.ts","statementMap":{"0":{"start":{"line":2,"column":0},"end":{"line":2,"column":72}},"1":{"start":{"line":3,"column":0},"end":{"line":3,"column":46}},"2":{"start":{"line":10,"column":4},"end":{"line":10,"column":80}},"3":{"start":{"line":19,"column":4},"end":{"line":19,"column":69}},"4":{"start":{"line":19,"column":22},"end":{"line":19,"column":69}},"5":{"start":{"line":21,"column":4},"end":{"line":25,"column":6}},"6":{"start":{"line":32,"column":4},"end":{"line":32,"column":77}},"7":{"start":{"line":36,"column":4},"end":{"line":36,"column":70}},"8":{"start":{"line":47,"column":4},"end":{"line":47,"column":79}},"9":{"start":{"line":47,"column":27},"end":{"line":47,"column":79}},"10":{"start":{"line":49,"column":4},"end":{"line":49,"column":82}},"11":{"start":{"line":56,"column":4},"end":{"line":56,"column":76}},"12":{"start":{"line":5,"column":0},"end":{"line":5,"column":13}}},"fnMap":{"0":{"name":"(anonymous_8)","decl":{"start":{"line":9,"column":2},"end":{"line":9,"column":14}},"loc":{"start":{"line":9,"column":55},"end":{"line":11,"column":3}}},"1":{"name":"(anonymous_9)","decl":{"start":{"line":13,"column":8},"end":{"line":13,"column":23}},"loc":{"start":{"line":16,"column":33},"end":{"line":26,"column":null}}},"2":{"name":"(anonymous_11)","decl":{"start":{"line":28,"column":8},"end":{"line":28,"column":24}},"loc":{"start":{"line":30,"column":20},"end":{"line":33,"column":null}}},"3":{"name":"(anonymous_13)","decl":{"start":{"line":35,"column":8},"end":{"line":35,"column":25}},"loc":{"start":{"line":35,"column":42},"end":{"line":37,"column":null}}},"4":{"name":"(anonymous_15)","decl":{"start":{"line":39,"column":8},"end":{"line":39,"column":23}},"loc":{"start":{"line":44,"column":6},"end":{"line":50,"column":null}}},"5":{"name":"(anonymous_17)","decl":{"start":{"line":52,"column":8},"end":{"line":52,"column":23}},"loc":{"start":{"line":54,"column":20},"end":{"line":57,"column":null}}}},"branchMap":{"0":{"loc":{"start":{"line":10,"column":31},"end":{"line":10,"column":79}},"type":"binary-expr","locations":[{"start":{"line":10,"column":31},"end":{"line":10,"column":50}},{"start":{"line":10,"column":54},"end":{"line":10,"column":79}}]},"1":{"loc":{"start":{"line":19,"column":4},"end":{"line":19,"column":69}},"type":"if","locations":[{"start":{"line":19,"column":4},"end":{"line":19,"column":69}}]},"2":{"loc":{"start":{"line":47,"column":4},"end":{"line":47,"column":79}},"type":"if","locations":[{"start":{"line":47,"column":4},"end":{"line":47,"column":79}}]}},"s":{"0":1,"1":1,"2":10,"3":0,"4":0,"5":0,"6":0,"7":0,"8":0,"9":0,"10":0,"11":0,"12":1},"f":{"0":10,"1":0,"2":0,"3":0,"4":0,"5":0},"b":{"0":[10,0],"1":[0],"2":[0]}}
,"/home/joaoalmeida/Documentos/github/mediconecta/backend/src/service/UserService.ts": {"path":"/home/joaoalmeida/Documentos/github/mediconecta/backend/src/service/UserService.ts","statementMap":{"0":{"start":{"line":1,"column":0},"end":{"line":1,"column":35}},"1":{"start":{"line":2,"column":0},"end":{"line":2,"column":46}},"2":{"start":{"line":3,"column":0},"end":{"line":3,"column":62}},"3":{"start":{"line":4,"column":0},"end":{"line":4,"column":46}},"4":{"start":{"line":6,"column":19},"end":{"line":6,"column":21}},"5":{"start":{"line":13,"column":4},"end":{"line":13,"column":65}},"6":{"start":{"line":27,"column":4},"end":{"line":27,"column":35}},"7":{"start":{"line":28,"column":4},"end":{"line":28,"column":37}},"8":{"start":{"line":30,"column":4},"end":{"line":30,"column":43}},"9":{"start":{"line":31,"column":27},"end":{"line":31,"column":66}},"10":{"start":{"line":33,"column":4},"end":{"line":33,"column":33}},"11":{"start":{"line":34,"column":4},"end":{"line":34,"column":43}},"12":{"start":{"line":36,"column":4},"end":{"line":36,"column":45}},"13":{"start":{"line":36,"column":14},"end":{"line":36,"column":45}},"14":{"start":{"line":37,"column":4},"end":{"line":37,"column":33}},"15":{"start":{"line":39,"column":4},"end":{"line":39,"column":41}},"16":{"start":{"line":40,"column":4},"end":{"line":40,"column":37}},"17":{"start":{"line":42,"column":4},"end":{"line":51,"column":6}},"18":{"start":{"line":55,"column":4},"end":{"line":55,"column":53}},"19":{"start":{"line":59,"column":4},"end":{"line":59,"column":51}},"20":{"start":{"line":76,"column":4},"end":{"line":76,"column":55}},"21":{"start":{"line":76,"column":19},"end":{"line":76,"column":55}},"22":{"start":{"line":77,"column":4},"end":{"line":77,"column":58}},"23":{"start":{"line":77,"column":20},"end":{"line":77,"column":58}},"24":{"start":{"line":79,"column":4},"end":{"line":82,"column":5}},"25":{"start":{"line":80,"column":6},"end":{"line":80,"column":50}},"26":{"start":{"line":81,"column":6},"end":{"line":81,"column":67}},"27":{"start":{"line":84,"column":4},"end":{"line":84,"column":52}},"28":{"start":{"line":84,"column":18},"end":{"line":84,"column":52}},"29":{"start":{"line":85,"column":4},"end":{"line":85,"column":67}},"30":{"start":{"line":85,"column":23},"end":{"line":85,"column":67}},"31":{"start":{"line":86,"column":4},"end":{"line":86,"column":52}},"32":{"start":{"line":86,"column":18},"end":{"line":86,"column":52}},"33":{"start":{"line":87,"column":4},"end":{"line":87,"column":64}},"34":{"start":{"line":87,"column":22},"end":{"line":87,"column":64}},"35":{"start":{"line":88,"column":4},"end":{"line":88,"column":58}},"36":{"start":{"line":88,"column":20},"end":{"line":88,"column":58}},"37":{"start":{"line":90,"column":4},"end":{"line":90,"column":58}},"38":{"start":{"line":94,"column":4},"end":{"line":94,"column":52}},"39":{"start":{"line":8,"column":0},"end":{"line":8,"column":13}}},"fnMap":{"0":{"name":"(anonymous_17)","decl":{"start":{"line":12,"column":2},"end":{"line":12,"column":14}},"loc":{"start":{"line":12,"column":45},"end":{"line":14,"column":3}}},"1":{"name":"(anonymous_18)","decl":{"start":{"line":16,"column":8},"end":{"line":16,"column":18}},"loc":{"start":{"line":24,"column":17},"end":{"line":52,"column":null}}},"2":{"name":"(anonymous_20)","decl":{"start":{"line":54,"column":8},"end":{"line":54,"column":19}},"loc":{"start":{"line":54,"column":30},"end":{"line":56,"column":null}}},"3":{"name":"(anonymous_22)","decl":{"start":{"line":58,"column":8},"end":{"line":58,"column":19}},"loc":{"start":{"line":58,"column":19},"end":{"line":60,"column":null}}},"4":{"name":"(anonymous_24)","decl":{"start":{"line":62,"column":8},"end":{"line":62,"column":18}},"loc":{"start":{"line":73,"column":6},"end":{"line":91,"column":null}}},"5":{"name":"(anonymous_26)","decl":{"start":{"line":93,"column":8},"end":{"line":93,"column":18}},"loc":{"start":{"line":93,"column":29},"end":{"line":95,"column":null}}}},"branchMap":{"0":{"loc":{"start":{"line":13,"column":26},"end":{"line":13,"column":64}},"type":"binary-expr","locations":[{"start":{"line":13,"column":26},"end":{"line":13,"column":40}},{"start":{"line":13,"column":44},"end":{"line":13,"column":64}}]},"1":{"loc":{"start":{"line":36,"column":4},"end":{"line":36,"column":45}},"type":"if","locations":[{"start":{"line":36,"column":4},"end":{"line":36,"column":45}}]},"2":{"loc":{"start":{"line":76,"column":4},"end":{"line":76,"column":55}},"type":"if","locations":[{"start":{"line":76,"column":4},"end":{"line":76,"column":55}}]},"3":{"loc":{"start":{"line":77,"column":4},"end":{"line":77,"column":58}},"type":"if","locations":[{"start":{"line":77,"column":4},"end":{"line":77,"column":58}}]},"4":{"loc":{"start":{"line":79,"column":4},"end":{"line":82,"column":5}},"type":"if","locations":[{"start":{"line":79,"column":4},"end":{"line":82,"column":5}}]},"5":{"loc":{"start":{"line":84,"column":4},"end":{"line":84,"column":52}},"type":"if","locations":[{"start":{"line":84,"column":4},"end":{"line":84,"column":52}}]},"6":{"loc":{"start":{"line":85,"column":4},"end":{"line":85,"column":67}},"type":"if","locations":[{"start":{"line":85,"column":4},"end":{"line":85,"column":67}}]},"7":{"loc":{"start":{"line":86,"column":4},"end":{"line":86,"column":52}},"type":"if","locations":[{"start":{"line":86,"column":4},"end":{"line":86,"column":52}}]},"8":{"loc":{"start":{"line":87,"column":4},"end":{"line":87,"column":64}},"type":"if","locations":[{"start":{"line":87,"column":4},"end":{"line":87,"column":64}}]},"9":{"loc":{"start":{"line":88,"column":4},"end":{"line":88,"column":58}},"type":"if","locations":[{"start":{"line":88,"column":4},"end":{"line":88,"column":58}}]}},"s":{"0":2,"1":2,"2":2,"3":2,"4":2,"5":20,"6":2,"7":2,"8":1,"9":1,"10":1,"11":1,"12":1,"13":0,"14":1,"15":1,"16":1,"17":1,"18":2,"19":2,"20":2,"21":2,"22":2,"23":2,"24":1,"25":1,"26":1,"27":1,"28":0,"29":1,"30":0,"31":1,"32":0,"33":1,"34":0,"35":1,"36":0,"37":1,"38":2,"39":2},"f":{"0":20,"1":2,"2":2,"3":2,"4":2,"5":2},"b":{"0":[20,10],"1":[0],"2":[2],"3":[2],"4":[1],"5":[0],"6":[0],"7":[0],"8":[0],"9":[0]}}
,"/home/joaoalmeida/Documentos/github/mediconecta/backend/src/util/Validations.ts": {"path":"/home/joaoalmeida/Documentos/github/mediconecta/backend/src/util/Validations.ts","statementMap":{"0":{"start":{"line":1,"column":0},"end":{"line":1,"column":57}},"1":{"start":{"line":2,"column":0},"end":{"line":2,"column":40}},"2":{"start":{"line":7,"column":4},"end":{"line":7,"column":30}},"3":{"start":{"line":11,"column":18},"end":{"line":11,"column":28}},"4":{"start":{"line":12,"column":4},"end":{"line":12,"column":26}},"5":{"start":{"line":13,"column":4},"end":{"line":13,"column":25}},"6":{"start":{"line":17,"column":4},"end":{"line":17,"column":74}},"7":{"start":{"line":17,"column":28},"end":{"line":17,"column":74}},"8":{"start":{"line":21,"column":23},"end":{"line":21,"column":51}},"9":{"start":{"line":22,"column":4},"end":{"line":24,"column":5}},"10":{"start":{"line":23,"column":6},"end":{"line":23,"column":null}},"11":{"start":{"line":28,"column":26},"end":{"line":28,"column":76}},"12":{"start":{"line":29,"column":4},"end":{"line":31,"column":5}},"13":{"start":{"line":30,"column":6},"end":{"line":30,"column":null}},"14":{"start":{"line":35,"column":21},"end":{"line":35,"column":31}},"15":{"start":{"line":36,"column":4},"end":{"line":38,"column":5}},"16":{"start":{"line":37,"column":6},"end":{"line":37,"column":null}},"17":{"start":{"line":42,"column":4},"end":{"line":44,"column":5}},"18":{"start":{"line":43,"column":6},"end":{"line":43,"column":81}},"19":{"start":{"line":48,"column":4},"end":{"line":48,"column":28}},"20":{"start":{"line":49,"column":4},"end":{"line":51,"column":5}},"21":{"start":{"line":50,"column":6},"end":{"line":50,"column":82}},"22":{"start":{"line":55,"column":4},"end":{"line":57,"column":5}},"23":{"start":{"line":56,"column":6},"end":{"line":56,"column":56}},"24":{"start":{"line":61,"column":23},"end":{"line":61,"column":41}},"25":{"start":{"line":62,"column":4},"end":{"line":64,"column":5}},"26":{"start":{"line":63,"column":6},"end":{"line":63,"column":87}},"27":{"start":{"line":68,"column":4},"end":{"line":70,"column":5}},"28":{"start":{"line":69,"column":6},"end":{"line":69,"column":null}},"29":{"start":{"line":74,"column":4},"end":{"line":76,"column":5}},"30":{"start":{"line":75,"column":6},"end":{"line":75,"column":null}},"31":{"start":{"line":80,"column":4},"end":{"line":80,"column":111}},"32":{"start":{"line":80,"column":32},"end":{"line":80,"column":111}},"33":{"start":{"line":84,"column":29},"end":{"line":84,"column":49}},"34":{"start":{"line":85,"column":4},"end":{"line":85,"column":null}},"35":{"start":{"line":85,"column":45},"end":{"line":85,"column":null}},"36":{"start":{"line":89,"column":4},"end":{"line":89,"column":null}},"37":{"start":{"line":89,"column":33},"end":{"line":89,"column":null}},"38":{"start":{"line":93,"column":4},"end":{"line":93,"column":null}},"39":{"start":{"line":93,"column":29},"end":{"line":93,"column":null}},"40":{"start":{"line":97,"column":4},"end":{"line":97,"column":null}},"41":{"start":{"line":97,"column":28},"end":{"line":97,"column":null}},"42":{"start":{"line":101,"column":4},"end":{"line":103,"column":5}},"43":{"start":{"line":102,"column":6},"end":{"line":102,"column":79}},"44":{"start":{"line":107,"column":4},"end":{"line":107,"column":34}},"45":{"start":{"line":108,"column":4},"end":{"line":110,"column":5}},"46":{"start":{"line":109,"column":6},"end":{"line":109,"column":null}},"47":{"start":{"line":115,"column":0},"end":{"line":115,"column":33}}},"fnMap":{"0":{"name":"(anonymous_0)","decl":{"start":{"line":6,"column":10},"end":{"line":6,"column":17}},"loc":{"start":{"line":6,"column":31},"end":{"line":8,"column":3}}},"1":{"name":"(anonymous_1)","decl":{"start":{"line":10,"column":10},"end":{"line":10,"column":27}},"loc":{"start":{"line":10,"column":38},"end":{"line":14,"column":3}}},"2":{"name":"(anonymous_2)","decl":{"start":{"line":16,"column":2},"end":{"line":16,"column":14}},"loc":{"start":{"line":16,"column":27},"end":{"line":18,"column":3}}},"3":{"name":"(anonymous_3)","decl":{"start":{"line":20,"column":2},"end":{"line":20,"column":15}},"loc":{"start":{"line":20,"column":29},"end":{"line":25,"column":3}}},"4":{"name":"(anonymous_4)","decl":{"start":{"line":27,"column":2},"end":{"line":27,"column":18}},"loc":{"start":{"line":27,"column":35},"end":{"line":32,"column":3}}},"5":{"name":"(anonymous_5)","decl":{"start":{"line":34,"column":2},"end":{"line":34,"column":13}},"loc":{"start":{"line":34,"column":25},"end":{"line":39,"column":3}}},"6":{"name":"(anonymous_6)","decl":{"start":{"line":41,"column":2},"end":{"line":41,"column":18}},"loc":{"start":{"line":41,"column":33},"end":{"line":45,"column":3}}},"7":{"name":"(anonymous_7)","decl":{"start":{"line":47,"column":2},"end":{"line":47,"column":13}},"loc":{"start":{"line":47,"column":25},"end":{"line":52,"column":3}}},"8":{"name":"(anonymous_8)","decl":{"start":{"line":54,"column":2},"end":{"line":54,"column":17}},"loc":{"start":{"line":54,"column":33},"end":{"line":58,"column":3}}},"9":{"name":"(anonymous_9)","decl":{"start":{"line":60,"column":2},"end":{"line":60,"column":15}},"loc":{"start":{"line":60,"column":29},"end":{"line":65,"column":3}}},"10":{"name":"(anonymous_10)","decl":{"start":{"line":67,"column":2},"end":{"line":67,"column":22}},"loc":{"start":{"line":67,"column":43},"end":{"line":71,"column":3}}},"11":{"name":"(anonymous_11)","decl":{"start":{"line":73,"column":2},"end":{"line":73,"column":21}},"loc":{"start":{"line":73,"column":41},"end":{"line":77,"column":3}}},"12":{"name":"(anonymous_12)","decl":{"start":{"line":79,"column":2},"end":{"line":79,"column":28}},"loc":{"start":{"line":79,"column":44},"end":{"line":81,"column":3}}},"13":{"name":"(anonymous_13)","decl":{"start":{"line":83,"column":2},"end":{"line":83,"column":27}},"loc":{"start":{"line":83,"column":47},"end":{"line":86,"column":3}}},"14":{"name":"(anonymous_14)","decl":{"start":{"line":88,"column":2},"end":{"line":88,"column":19}},"loc":{"start":{"line":88,"column":37},"end":{"line":90,"column":3}}},"15":{"name":"(anonymous_15)","decl":{"start":{"line":92,"column":2},"end":{"line":92,"column":27}},"loc":{"start":{"line":92,"column":41},"end":{"line":94,"column":3}}},"16":{"name":"(anonymous_16)","decl":{"start":{"line":96,"column":2},"end":{"line":96,"column":26}},"loc":{"start":{"line":96,"column":39},"end":{"line":98,"column":3}}},"17":{"name":"(anonymous_17)","decl":{"start":{"line":100,"column":2},"end":{"line":100,"column":25}},"loc":{"start":{"line":100,"column":36},"end":{"line":104,"column":3}}},"18":{"name":"(anonymous_18)","decl":{"start":{"line":106,"column":2},"end":{"line":106,"column":27}},"loc":{"start":{"line":106,"column":42},"end":{"line":111,"column":3}}}},"branchMap":{"0":{"loc":{"start":{"line":17,"column":4},"end":{"line":17,"column":74}},"type":"if","locations":[{"start":{"line":17,"column":4},"end":{"line":17,"column":74}}]},"1":{"loc":{"start":{"line":22,"column":4},"end":{"line":24,"column":5}},"type":"if","locations":[{"start":{"line":22,"column":4},"end":{"line":24,"column":5}}]},"2":{"loc":{"start":{"line":29,"column":4},"end":{"line":31,"column":5}},"type":"if","locations":[{"start":{"line":29,"column":4},"end":{"line":31,"column":5}}]},"3":{"loc":{"start":{"line":36,"column":4},"end":{"line":38,"column":5}},"type":"if","locations":[{"start":{"line":36,"column":4},"end":{"line":38,"column":5}}]},"4":{"loc":{"start":{"line":42,"column":4},"end":{"line":44,"column":5}},"type":"if","locations":[{"start":{"line":42,"column":4},"end":{"line":44,"column":5}}]},"5":{"loc":{"start":{"line":49,"column":4},"end":{"line":51,"column":5}},"type":"if","locations":[{"start":{"line":49,"column":4},"end":{"line":51,"column":5}}]},"6":{"loc":{"start":{"line":55,"column":4},"end":{"line":57,"column":5}},"type":"if","locations":[{"start":{"line":55,"column":4},"end":{"line":57,"column":5}}]},"7":{"loc":{"start":{"line":62,"column":4},"end":{"line":64,"column":5}},"type":"if","locations":[{"start":{"line":62,"column":4},"end":{"line":64,"column":5}}]},"8":{"loc":{"start":{"line":68,"column":4},"end":{"line":70,"column":5}},"type":"if","locations":[{"start":{"line":68,"column":4},"end":{"line":70,"column":5}}]},"9":{"loc":{"start":{"line":74,"column":4},"end":{"line":76,"column":5}},"type":"if","locations":[{"start":{"line":74,"column":4},"end":{"line":76,"column":5}}]},"10":{"loc":{"start":{"line":80,"column":4},"end":{"line":80,"column":111}},"type":"if","locations":[{"start":{"line":80,"column":4},"end":{"line":80,"column":111}}]},"11":{"loc":{"start":{"line":85,"column":4},"end":{"line":85,"column":null}},"type":"if","locations":[{"start":{"line":85,"column":4},"end":{"line":85,"column":null}}]},"12":{"loc":{"start":{"line":89,"column":4},"end":{"line":89,"column":null}},"type":"if","locations":[{"start":{"line":89,"column":4},"end":{"line":89,"column":null}}]},"13":{"loc":{"start":{"line":93,"column":4},"end":{"line":93,"column":null}},"type":"if","locations":[{"start":{"line":93,"column":4},"end":{"line":93,"column":null}}]},"14":{"loc":{"start":{"line":97,"column":4},"end":{"line":97,"column":null}},"type":"if","locations":[{"start":{"line":97,"column":4},"end":{"line":97,"column":null}}]},"15":{"loc":{"start":{"line":101,"column":4},"end":{"line":103,"column":5}},"type":"if","locations":[{"start":{"line":101,"column":4},"end":{"line":103,"column":5}}]},"16":{"loc":{"start":{"line":108,"column":4},"end":{"line":110,"column":5}},"type":"if","locations":[{"start":{"line":108,"column":4},"end":{"line":110,"column":5}}]}},"s":{"0":7,"1":7,"2":5,"3":1,"4":1,"5":1,"6":4,"7":0,"8":4,"9":4,"10":2,"11":2,"12":2,"13":0,"14":1,"15":1,"16":0,"17":1,"18":0,"19":1,"20":1,"21":0,"22":1,"23":0,"24":1,"25":1,"26":0,"27":0,"28":0,"29":0,"30":0,"31":0,"32":0,"33":0,"34":0,"35":0,"36":0,"37":0,"38":0,"39":0,"40":0,"41":0,"42":0,"43":0,"44":0,"45":0,"46":0,"47":7},"f":{"0":5,"1":1,"2":4,"3":4,"4":2,"5":1,"6":1,"7":1,"8":1,"9":1,"10":0,"11":0,"12":0,"13":0,"14":0,"15":0,"16":0,"17":0,"18":0},"b":{"0":[0],"1":[2],"2":[0],"3":[0],"4":[0],"5":[0],"6":[0],"7":[0],"8":[0],"9":[0],"10":[0],"11":[0],"12":[0],"13":[0],"14":[0],"15":[0],"16":[0]}}
}
