{"/home/joaoalmeida/Documentos/github/mediconecta/backend/src/config/database.ts": {"path":"/home/joaoalmeida/Documentos/github/mediconecta/backend/src/config/database.ts","statementMap":{"0":{"start":{"line":1,"column":0},"end":{"line":1,"column":38}},"1":{"start":{"line":2,"column":0},"end":{"line":2,"column":33}},"2":{"start":{"line":4,"column":0},"end":{"line":4,"column":16}},"3":{"start":{"line":6,"column":18},"end":{"line":14,"column":2}},"4":{"start":{"line":16,"column":0},"end":{"line":16,"column":25}}},"fnMap":{},"branchMap":{},"s":{"0":13,"1":13,"2":13,"3":13,"4":13},"f":{},"b":{}}
,"/home/joaoalmeida/Documentos/github/mediconecta/backend/src/model/Appointment.ts": {"path":"/home/joaoalmeida/Documentos/github/mediconecta/backend/src/model/Appointment.ts","statementMap":{"0":{"start":{"line":1,"column":0},"end":{"line":1,"column":55}},"1":{"start":{"line":2,"column":0},"end":{"line":2,"column":43}},"2":{"start":{"line":3,"column":0},"end":{"line":3,"column":34}},"3":{"start":{"line":4,"column":0},"end":{"line":4,"column":30}},"4":{"start":{"line":6,"column":0},"end":{"line":6,"column":null}},"5":{"start":{"line":7,"column":2},"end":{"line":7,"column":null}},"6":{"start":{"line":8,"column":2},"end":{"line":8,"column":null}},"7":{"start":{"line":23,"column":0},"end":{"line":23,"column":13}},"8":{"start":{"line":33,"column":0},"end":{"line":93,"column":2}},"9":{"start":{"line":70,"column":24},"end":{"line":70,"column":34}},"10":{"start":{"line":71,"column":10},"end":{"line":71,"column":50}},"11":{"start":{"line":71,"column":32},"end":{"line":71,"column":50}},"12":{"start":{"line":95,"column":0},"end":{"line":98,"column":3}}},"fnMap":{"0":{"name":"(anonymous_1)","decl":{"start":{"line":6,"column":0},"end":{"line":6,"column":12}},"loc":{"start":{"line":6,"column":29},"end":{"line":9,"column":1}}},"1":{"name":"(anonymous_2)","decl":{"start":{"line":69,"column":8},"end":{"line":69,"column":24}},"loc":{"start":{"line":69,"column":39},"end":{"line":72,"column":9}}}},"branchMap":{"0":{"loc":{"start":{"line":6,"column":12},"end":{"line":6,"column":null}},"type":"binary-expr","locations":[{"start":{"line":6,"column":12},"end":{"line":6,"column":29}},{"start":{"line":6,"column":29},"end":{"line":6,"column":null}}]},"1":{"loc":{"start":{"line":71,"column":10},"end":{"line":71,"column":50}},"type":"if","locations":[{"start":{"line":71,"column":10},"end":{"line":71,"column":50}}]}},"s":{"0":8,"1":8,"2":8,"3":8,"4":8,"5":8,"6":8,"7":8,"8":8,"9":0,"10":0,"11":0,"12":8},"f":{"0":8,"1":0},"b":{"0":[8,8],"1":[0]}}
,"/home/joaoalmeida/Documentos/github/mediconecta/backend/src/model/Clinic.ts": {"path":"/home/joaoalmeida/Documentos/github/mediconecta/backend/src/model/Clinic.ts","statementMap":{"0":{"start":{"line":1,"column":0},"end":{"line":1,"column":55}},"1":{"start":{"line":2,"column":0},"end":{"line":2,"column":43}},"2":{"start":{"line":3,"column":0},"end":{"line":3,"column":30}},"3":{"start":{"line":18,"column":0},"end":{"line":18,"column":13}},"4":{"start":{"line":29,"column":0},"end":{"line":95,"column":2}},"5":{"start":{"line":97,"column":0},"end":{"line":101,"column":2}}},"fnMap":{},"branchMap":{},"s":{"0":12,"1":12,"2":12,"3":12,"4":12,"5":12},"f":{},"b":{}}
,"/home/joaoalmeida/Documentos/github/mediconecta/backend/src/model/Doctor.ts": {"path":"/home/joaoalmeida/Documentos/github/mediconecta/backend/src/model/Doctor.ts","statementMap":{"0":{"start":{"line":1,"column":0},"end":{"line":1,"column":55}},"1":{"start":{"line":2,"column":0},"end":{"line":2,"column":43}},"2":{"start":{"line":3,"column":0},"end":{"line":3,"column":30}},"3":{"start":{"line":4,"column":0},"end":{"line":4,"column":34}},"4":{"start":{"line":17,"column":0},"end":{"line":17,"column":13}},"5":{"start":{"line":26,"column":0},"end":{"line":79,"column":2}},"6":{"start":{"line":81,"column":0},"end":{"line":85,"column":2}},"7":{"start":{"line":86,"column":0},"end":{"line":90,"column":2}}},"fnMap":{},"branchMap":{},"s":{"0":2,"1":2,"2":2,"3":2,"4":2,"5":2,"6":2,"7":2},"f":{},"b":{}}
,"/home/joaoalmeida/Documentos/github/mediconecta/backend/src/model/Patient.ts": {"path":"/home/joaoalmeida/Documentos/github/mediconecta/backend/src/model/Patient.ts","statementMap":{"0":{"start":{"line":1,"column":0},"end":{"line":1,"column":45}},"1":{"start":{"line":2,"column":0},"end":{"line":2,"column":43}},"2":{"start":{"line":3,"column":0},"end":{"line":3,"column":30}},"3":{"start":{"line":4,"column":0},"end":{"line":4,"column":34}},"4":{"start":{"line":5,"column":0},"end":{"line":5,"column":34}},"5":{"start":{"line":12,"column":0},"end":{"line":12,"column":13}},"6":{"start":{"line":17,"column":0},"end":{"line":51,"column":2}},"7":{"start":{"line":43,"column":40},"end":{"line":48,"column":null}},"8":{"start":{"line":44,"column":8},"end":{"line":47,"column":null}},"9":{"start":{"line":53,"column":0},"end":{"line":57,"column":2}},"10":{"start":{"line":58,"column":0},"end":{"line":62,"column":2}}},"fnMap":{"0":{"name":"(anonymous_8)","decl":{"start":{"line":43,"column":19},"end":{"line":43,"column":26}},"loc":{"start":{"line":43,"column":40},"end":{"line":48,"column":null}}},"1":{"name":"(anonymous_9)","decl":{"start":{"line":43,"column":40},"end":{"line":43,"column":null}},"loc":{"start":{"line":43,"column":40},"end":{"line":48,"column":7}}}},"branchMap":{},"s":{"0":2,"1":2,"2":2,"3":2,"4":2,"5":2,"6":2,"7":0,"8":0,"9":2,"10":2},"f":{"0":0,"1":0},"b":{}}
,"/home/joaoalmeida/Documentos/github/mediconecta/backend/src/model/Record.ts": {"path":"/home/joaoalmeida/Documentos/github/mediconecta/backend/src/model/Record.ts","statementMap":{"0":{"start":{"line":1,"column":0},"end":{"line":1,"column":55}},"1":{"start":{"line":2,"column":0},"end":{"line":2,"column":43}},"2":{"start":{"line":3,"column":0},"end":{"line":3,"column":30}},"3":{"start":{"line":4,"column":0},"end":{"line":4,"column":34}},"4":{"start":{"line":14,"column":0},"end":{"line":14,"column":13}},"5":{"start":{"line":20,"column":0},"end":{"line":51,"column":2}},"6":{"start":{"line":53,"column":0},"end":{"line":57,"column":2}},"7":{"start":{"line":58,"column":0},"end":{"line":62,"column":2}}},"fnMap":{},"branchMap":{},"s":{"0":2,"1":2,"2":2,"3":2,"4":2,"5":2,"6":2,"7":2},"f":{},"b":{}}
,"/home/joaoalmeida/Documentos/github/mediconecta/backend/src/model/User.ts": {"path":"/home/joaoalmeida/Documentos/github/mediconecta/backend/src/model/User.ts","statementMap":{"0":{"start":{"line":1,"column":0},"end":{"line":1,"column":55}},"1":{"start":{"line":2,"column":0},"end":{"line":2,"column":43}},"2":{"start":{"line":4,"column":0},"end":{"line":4,"column":null}},"3":{"start":{"line":5,"column":2},"end":{"line":5,"column":null}},"4":{"start":{"line":6,"column":2},"end":{"line":6,"column":null}},"5":{"start":{"line":7,"column":2},"end":{"line":7,"column":null}},"6":{"start":{"line":24,"column":0},"end":{"line":24,"column":13}},"7":{"start":{"line":36,"column":0},"end":{"line":110,"column":2}},"8":{"start":{"line":79,"column":24},"end":{"line":79,"column":34}},"9":{"start":{"line":80,"column":10},"end":{"line":80,"column":50}},"10":{"start":{"line":80,"column":32},"end":{"line":80,"column":50}}},"fnMap":{"0":{"name":"(anonymous_1)","decl":{"start":{"line":4,"column":0},"end":{"line":4,"column":12}},"loc":{"start":{"line":4,"column":19},"end":{"line":8,"column":1}}},"1":{"name":"(anonymous_2)","decl":{"start":{"line":78,"column":8},"end":{"line":78,"column":24}},"loc":{"start":{"line":78,"column":39},"end":{"line":81,"column":9}}}},"branchMap":{"0":{"loc":{"start":{"line":4,"column":12},"end":{"line":4,"column":null}},"type":"binary-expr","locations":[{"start":{"line":4,"column":12},"end":{"line":4,"column":19}},{"start":{"line":4,"column":19},"end":{"line":4,"column":null}}]},"1":{"loc":{"start":{"line":80,"column":10},"end":{"line":80,"column":50}},"type":"if","locations":[{"start":{"line":80,"column":10},"end":{"line":80,"column":50}}]}},"s":{"0":13,"1":13,"2":13,"3":13,"4":13,"5":13,"6":13,"7":13,"8":0,"9":0,"10":0},"f":{"0":13,"1":0},"b":{"0":[13,13],"1":[0]}}
,"/home/joaoalmeida/Documentos/github/mediconecta/backend/src/repository/ClinicRepository.ts": {"path":"/home/joaoalmeida/Documentos/github/mediconecta/backend/src/repository/ClinicRepository.ts","statementMap":{"0":{"start":{"line":1,"column":0},"end":{"line":1,"column":41}},"1":{"start":{"line":14,"column":4},"end":{"line":22,"column":7}},"2":{"start":{"line":26,"column":4},"end":{"line":26,"column":37}},"3":{"start":{"line":30,"column":4},"end":{"line":30,"column":34}},"4":{"start":{"line":44,"column":19},"end":{"line":44,"column":44}},"5":{"start":{"line":45,"column":4},"end":{"line":47,"column":13}},"6":{"start":{"line":51,"column":15},"end":{"line":51,"column":20}},"7":{"start":{"line":52,"column":19},"end":{"line":52,"column":44}},"8":{"start":{"line":53,"column":4},"end":{"line":56,"column":5}},"9":{"start":{"line":54,"column":6},"end":{"line":54,"column":30}},"10":{"start":{"line":55,"column":6},"end":{"line":55,"column":18}},"11":{"start":{"line":57,"column":4},"end":{"line":57,"column":16}},"12":{"start":{"line":3,"column":0},"end":{"line":3,"column":13}}},"fnMap":{"0":{"name":"(anonymous_7)","decl":{"start":{"line":5,"column":8},"end":{"line":5,"column":20}},"loc":{"start":{"line":12,"column":17},"end":{"line":23,"column":null}}},"1":{"name":"(anonymous_9)","decl":{"start":{"line":25,"column":8},"end":{"line":25,"column":21}},"loc":{"start":{"line":25,"column":32},"end":{"line":27,"column":null}}},"2":{"name":"(anonymous_11)","decl":{"start":{"line":29,"column":8},"end":{"line":29,"column":21}},"loc":{"start":{"line":29,"column":21},"end":{"line":31,"column":null}}},"3":{"name":"(anonymous_13)","decl":{"start":{"line":33,"column":8},"end":{"line":33,"column":20}},"loc":{"start":{"line":43,"column":6},"end":{"line":48,"column":null}}},"4":{"name":"(anonymous_15)","decl":{"start":{"line":50,"column":8},"end":{"line":50,"column":20}},"loc":{"start":{"line":50,"column":31},"end":{"line":58,"column":null}}}},"branchMap":{"0":{"loc":{"start":{"line":45,"column":11},"end":{"line":47,"column":12}},"type":"cond-expr","locations":[{"start":{"line":46,"column":8},"end":{"line":46,"column":34}},{"start":{"line":47,"column":8},"end":{"line":47,"column":12}}]},"1":{"loc":{"start":{"line":53,"column":4},"end":{"line":56,"column":5}},"type":"if","locations":[{"start":{"line":53,"column":4},"end":{"line":56,"column":5}}]}},"s":{"0":3,"1":0,"2":0,"3":0,"4":0,"5":0,"6":0,"7":0,"8":0,"9":0,"10":0,"11":0,"12":3},"f":{"0":0,"1":0,"2":0,"3":0,"4":0},"b":{"0":[0,0],"1":[0]}}
,"/home/joaoalmeida/Documentos/github/mediconecta/backend/src/repository/DoctorRepository.ts": {"path":"/home/joaoalmeida/Documentos/github/mediconecta/backend/src/repository/DoctorRepository.ts","statementMap":{"0":{"start":{"line":1,"column":0},"end":{"line":1,"column":41}},"1":{"start":{"line":13,"column":4},"end":{"line":20,"column":7}},"2":{"start":{"line":27,"column":4},"end":{"line":27,"column":41}},"3":{"start":{"line":31,"column":4},"end":{"line":35,"column":7}},"4":{"start":{"line":48,"column":19},"end":{"line":48,"column":48}},"5":{"start":{"line":49,"column":4},"end":{"line":51,"column":13}},"6":{"start":{"line":58,"column":15},"end":{"line":58,"column":20}},"7":{"start":{"line":59,"column":19},"end":{"line":59,"column":48}},"8":{"start":{"line":60,"column":4},"end":{"line":63,"column":5}},"9":{"start":{"line":61,"column":8},"end":{"line":61,"column":32}},"10":{"start":{"line":62,"column":8},"end":{"line":62,"column":20}},"11":{"start":{"line":64,"column":4},"end":{"line":64,"column":16}},"12":{"start":{"line":3,"column":0},"end":{"line":3,"column":13}}},"fnMap":{"0":{"name":"(anonymous_7)","decl":{"start":{"line":5,"column":8},"end":{"line":5,"column":20}},"loc":{"start":{"line":11,"column":30},"end":{"line":21,"column":null}}},"1":{"name":"(anonymous_9)","decl":{"start":{"line":23,"column":8},"end":{"line":23,"column":21}},"loc":{"start":{"line":25,"column":20},"end":{"line":28,"column":null}}},"2":{"name":"(anonymous_11)","decl":{"start":{"line":30,"column":8},"end":{"line":30,"column":21}},"loc":{"start":{"line":30,"column":38},"end":{"line":36,"column":null}}},"3":{"name":"(anonymous_13)","decl":{"start":{"line":38,"column":8},"end":{"line":38,"column":20}},"loc":{"start":{"line":46,"column":6},"end":{"line":52,"column":null}}},"4":{"name":"(anonymous_15)","decl":{"start":{"line":54,"column":8},"end":{"line":54,"column":20}},"loc":{"start":{"line":56,"column":20},"end":{"line":65,"column":null}}}},"branchMap":{"0":{"loc":{"start":{"line":49,"column":11},"end":{"line":51,"column":12}},"type":"cond-expr","locations":[{"start":{"line":50,"column":8},"end":{"line":50,"column":34}},{"start":{"line":51,"column":8},"end":{"line":51,"column":12}}]},"1":{"loc":{"start":{"line":60,"column":4},"end":{"line":63,"column":5}},"type":"if","locations":[{"start":{"line":60,"column":4},"end":{"line":63,"column":5}}]}},"s":{"0":1,"1":0,"2":0,"3":0,"4":0,"5":0,"6":0,"7":0,"8":0,"9":0,"10":0,"11":0,"12":1},"f":{"0":0,"1":0,"2":0,"3":0,"4":0},"b":{"0":[0,0],"1":[0]}}
,"/home/joaoalmeida/Documentos/github/mediconecta/backend/src/repository/PatientRepository.ts": {"path":"/home/joaoalmeida/Documentos/github/mediconecta/backend/src/repository/PatientRepository.ts","statementMap":{"0":{"start":{"line":1,"column":0},"end":{"line":1,"column":43}},"1":{"start":{"line":9,"column":4},"end":{"line":9,"column":52}},"2":{"start":{"line":16,"column":4},"end":{"line":16,"column":42}},"3":{"start":{"line":20,"column":4},"end":{"line":24,"column":7}},"4":{"start":{"line":31,"column":4},"end":{"line":31,"column":16}},"5":{"start":{"line":38,"column":15},"end":{"line":38,"column":20}},"6":{"start":{"line":39,"column":20},"end":{"line":39,"column":50}},"7":{"start":{"line":40,"column":4},"end":{"line":43,"column":5}},"8":{"start":{"line":41,"column":6},"end":{"line":41,"column":31}},"9":{"start":{"line":42,"column":6},"end":{"line":42,"column":18}},"10":{"start":{"line":44,"column":4},"end":{"line":44,"column":16}},"11":{"start":{"line":3,"column":0},"end":{"line":3,"column":13}}},"fnMap":{"0":{"name":"(anonymous_7)","decl":{"start":{"line":5,"column":8},"end":{"line":5,"column":21}},"loc":{"start":{"line":7,"column":20},"end":{"line":10,"column":null}}},"1":{"name":"(anonymous_9)","decl":{"start":{"line":12,"column":8},"end":{"line":12,"column":22}},"loc":{"start":{"line":14,"column":20},"end":{"line":17,"column":null}}},"2":{"name":"(anonymous_11)","decl":{"start":{"line":19,"column":8},"end":{"line":19,"column":22}},"loc":{"start":{"line":19,"column":39},"end":{"line":25,"column":null}}},"3":{"name":"(anonymous_13)","decl":{"start":{"line":27,"column":8},"end":{"line":27,"column":21}},"loc":{"start":{"line":29,"column":20},"end":{"line":32,"column":null}}},"4":{"name":"(anonymous_15)","decl":{"start":{"line":34,"column":8},"end":{"line":34,"column":21}},"loc":{"start":{"line":36,"column":20},"end":{"line":45,"column":null}}}},"branchMap":{"0":{"loc":{"start":{"line":40,"column":4},"end":{"line":43,"column":5}},"type":"if","locations":[{"start":{"line":40,"column":4},"end":{"line":43,"column":5}}]}},"s":{"0":1,"1":0,"2":0,"3":0,"4":0,"5":0,"6":0,"7":0,"8":0,"9":0,"10":0,"11":1},"f":{"0":0,"1":0,"2":0,"3":0,"4":0},"b":{"0":[0]}}
,"/home/joaoalmeida/Documentos/github/mediconecta/backend/src/repository/UserRepository.ts": {"path":"/home/joaoalmeida/Documentos/github/mediconecta/backend/src/repository/UserRepository.ts","statementMap":{"0":{"start":{"line":1,"column":0},"end":{"line":1,"column":45}},"1":{"start":{"line":15,"column":4},"end":{"line":24,"column":7}},"2":{"start":{"line":28,"column":4},"end":{"line":28,"column":35}},"3":{"start":{"line":32,"column":4},"end":{"line":32,"column":32}},"4":{"start":{"line":48,"column":17},"end":{"line":48,"column":40}},"5":{"start":{"line":49,"column":4},"end":{"line":51,"column":13}},"6":{"start":{"line":55,"column":15},"end":{"line":55,"column":20}},"7":{"start":{"line":56,"column":17},"end":{"line":56,"column":40}},"8":{"start":{"line":57,"column":4},"end":{"line":60,"column":5}},"9":{"start":{"line":58,"column":6},"end":{"line":58,"column":28}},"10":{"start":{"line":59,"column":6},"end":{"line":59,"column":18}},"11":{"start":{"line":61,"column":4},"end":{"line":61,"column":16}},"12":{"start":{"line":3,"column":0},"end":{"line":3,"column":13}}},"fnMap":{"0":{"name":"(anonymous_7)","decl":{"start":{"line":5,"column":8},"end":{"line":5,"column":18}},"loc":{"start":{"line":13,"column":17},"end":{"line":25,"column":null}}},"1":{"name":"(anonymous_9)","decl":{"start":{"line":27,"column":8},"end":{"line":27,"column":19}},"loc":{"start":{"line":27,"column":30},"end":{"line":29,"column":null}}},"2":{"name":"(anonymous_11)","decl":{"start":{"line":31,"column":8},"end":{"line":31,"column":19}},"loc":{"start":{"line":31,"column":19},"end":{"line":33,"column":null}}},"3":{"name":"(anonymous_13)","decl":{"start":{"line":35,"column":8},"end":{"line":35,"column":18}},"loc":{"start":{"line":46,"column":6},"end":{"line":52,"column":null}}},"4":{"name":"(anonymous_15)","decl":{"start":{"line":54,"column":8},"end":{"line":54,"column":18}},"loc":{"start":{"line":54,"column":29},"end":{"line":62,"column":null}}}},"branchMap":{"0":{"loc":{"start":{"line":49,"column":11},"end":{"line":51,"column":12}},"type":"cond-expr","locations":[{"start":{"line":50,"column":8},"end":{"line":50,"column":32}},{"start":{"line":51,"column":8},"end":{"line":51,"column":12}}]},"1":{"loc":{"start":{"line":57,"column":4},"end":{"line":60,"column":5}},"type":"if","locations":[{"start":{"line":57,"column":4},"end":{"line":60,"column":5}}]}},"s":{"0":4,"1":0,"2":0,"3":0,"4":0,"5":0,"6":0,"7":0,"8":0,"9":0,"10":0,"11":0,"12":4},"f":{"0":0,"1":0,"2":0,"3":0,"4":0},"b":{"0":[0,0],"1":[0]}}
,"/home/joaoalmeida/Documentos/github/mediconecta/backend/src/service/ClinicService.ts": {"path":"/home/joaoalmeida/Documentos/github/mediconecta/backend/src/service/ClinicService.ts","statementMap":{"0":{"start":{"line":2,"column":0},"end":{"line":2,"column":66}},"1":{"start":{"line":3,"column":0},"end":{"line":3,"column":46}},"2":{"start":{"line":4,"column":0},"end":{"line":4,"column":44}},"3":{"start":{"line":15,"column":4},"end":{"line":15,"column":56}},"4":{"start":{"line":16,"column":4},"end":{"line":16,"column":71}},"5":{"start":{"line":29,"column":4},"end":{"line":31,"column":5}},"6":{"start":{"line":30,"column":6},"end":{"line":30,"column":79}},"7":{"start":{"line":33,"column":4},"end":{"line":33,"column":35}},"8":{"start":{"line":34,"column":4},"end":{"line":34,"column":41}},"9":{"start":{"line":35,"column":4},"end":{"line":35,"column":51}},"10":{"start":{"line":36,"column":4},"end":{"line":36,"column":49}},"11":{"start":{"line":37,"column":4},"end":{"line":37,"column":37}},"12":{"start":{"line":38,"column":4},"end":{"line":38,"column":37}},"13":{"start":{"line":40,"column":4},"end":{"line":48,"column":6}},"14":{"start":{"line":52,"column":4},"end":{"line":52,"column":57}},"15":{"start":{"line":56,"column":4},"end":{"line":56,"column":55}},"16":{"start":{"line":72,"column":4},"end":{"line":76,"column":5}},"17":{"start":{"line":73,"column":6},"end":{"line":75,"column":7}},"18":{"start":{"line":74,"column":8},"end":{"line":74,"column":81}},"19":{"start":{"line":78,"column":4},"end":{"line":78,"column":55}},"20":{"start":{"line":78,"column":19},"end":{"line":78,"column":55}},"21":{"start":{"line":79,"column":4},"end":{"line":79,"column":64}},"22":{"start":{"line":79,"column":22},"end":{"line":79,"column":64}},"23":{"start":{"line":80,"column":4},"end":{"line":80,"column":79}},"24":{"start":{"line":80,"column":27},"end":{"line":80,"column":79}},"25":{"start":{"line":81,"column":4},"end":{"line":81,"column":76}},"26":{"start":{"line":81,"column":26},"end":{"line":81,"column":76}},"27":{"start":{"line":82,"column":4},"end":{"line":82,"column":58}},"28":{"start":{"line":82,"column":20},"end":{"line":82,"column":58}},"29":{"start":{"line":83,"column":4},"end":{"line":83,"column":58}},"30":{"start":{"line":83,"column":20},"end":{"line":83,"column":58}},"31":{"start":{"line":85,"column":4},"end":{"line":85,"column":62}},"32":{"start":{"line":89,"column":4},"end":{"line":89,"column":56}},"33":{"start":{"line":6,"column":0},"end":{"line":6,"column":13}}},"fnMap":{"0":{"name":"(anonymous_8)","decl":{"start":{"line":11,"column":2},"end":{"line":11,"column":null}},"loc":{"start":{"line":13,"column":39},"end":{"line":17,"column":3}}},"1":{"name":"(anonymous_9)","decl":{"start":{"line":19,"column":8},"end":{"line":19,"column":20}},"loc":{"start":{"line":26,"column":17},"end":{"line":49,"column":null}}},"2":{"name":"(anonymous_11)","decl":{"start":{"line":51,"column":8},"end":{"line":51,"column":21}},"loc":{"start":{"line":51,"column":32},"end":{"line":53,"column":null}}},"3":{"name":"(anonymous_13)","decl":{"start":{"line":55,"column":8},"end":{"line":55,"column":21}},"loc":{"start":{"line":55,"column":21},"end":{"line":57,"column":null}}},"4":{"name":"(anonymous_15)","decl":{"start":{"line":59,"column":8},"end":{"line":59,"column":20}},"loc":{"start":{"line":69,"column":6},"end":{"line":86,"column":null}}},"5":{"name":"(anonymous_17)","decl":{"start":{"line":88,"column":8},"end":{"line":88,"column":20}},"loc":{"start":{"line":88,"column":31},"end":{"line":90,"column":null}}}},"branchMap":{"0":{"loc":{"start":{"line":15,"column":23},"end":{"line":15,"column":55}},"type":"binary-expr","locations":[{"start":{"line":15,"column":23},"end":{"line":15,"column":34}},{"start":{"line":15,"column":38},"end":{"line":15,"column":55}}]},"1":{"loc":{"start":{"line":16,"column":28},"end":{"line":16,"column":70}},"type":"binary-expr","locations":[{"start":{"line":16,"column":28},"end":{"line":16,"column":44}},{"start":{"line":16,"column":48},"end":{"line":16,"column":70}}]},"2":{"loc":{"start":{"line":29,"column":4},"end":{"line":31,"column":5}},"type":"if","locations":[{"start":{"line":29,"column":4},"end":{"line":31,"column":5}}]},"3":{"loc":{"start":{"line":72,"column":4},"end":{"line":76,"column":5}},"type":"if","locations":[{"start":{"line":72,"column":4},"end":{"line":76,"column":5}}]},"4":{"loc":{"start":{"line":73,"column":6},"end":{"line":75,"column":7}},"type":"if","locations":[{"start":{"line":73,"column":6},"end":{"line":75,"column":7}}]},"5":{"loc":{"start":{"line":78,"column":4},"end":{"line":78,"column":55}},"type":"if","locations":[{"start":{"line":78,"column":4},"end":{"line":78,"column":55}}]},"6":{"loc":{"start":{"line":79,"column":4},"end":{"line":79,"column":64}},"type":"if","locations":[{"start":{"line":79,"column":4},"end":{"line":79,"column":64}}]},"7":{"loc":{"start":{"line":80,"column":4},"end":{"line":80,"column":79}},"type":"if","locations":[{"start":{"line":80,"column":4},"end":{"line":80,"column":79}}]},"8":{"loc":{"start":{"line":81,"column":4},"end":{"line":81,"column":76}},"type":"if","locations":[{"start":{"line":81,"column":4},"end":{"line":81,"column":76}}]},"9":{"loc":{"start":{"line":82,"column":4},"end":{"line":82,"column":58}},"type":"if","locations":[{"start":{"line":82,"column":4},"end":{"line":82,"column":58}}]},"10":{"loc":{"start":{"line":83,"column":4},"end":{"line":83,"column":58}},"type":"if","locations":[{"start":{"line":83,"column":4},"end":{"line":83,"column":58}}]}},"s":{"0":3,"1":3,"2":3,"3":10,"4":10,"5":2,"6":1,"7":1,"8":1,"9":1,"10":1,"11":1,"12":1,"13":1,"14":3,"15":1,"16":2,"17":1,"18":1,"19":1,"20":1,"21":1,"22":1,"23":1,"24":1,"25":1,"26":1,"27":1,"28":1,"29":1,"30":1,"31":1,"32":2,"33":3},"f":{"0":10,"1":2,"2":3,"3":1,"4":2,"5":2},"b":{"0":[10,0],"1":[10,0],"2":[1],"3":[1],"4":[1],"5":[1],"6":[1],"7":[1],"8":[1],"9":[1],"10":[1]}}
,"/home/joaoalmeida/Documentos/github/mediconecta/backend/src/service/DoctorService.ts": {"path":"/home/joaoalmeida/Documentos/github/mediconecta/backend/src/service/DoctorService.ts","statementMap":{"0":{"start":{"line":2,"column":0},"end":{"line":2,"column":66}},"1":{"start":{"line":3,"column":0},"end":{"line":3,"column":46}},"2":{"start":{"line":18,"column":4},"end":{"line":20,"column":71}},"3":{"start":{"line":32,"column":4},"end":{"line":32,"column":94}},"4":{"start":{"line":32,"column":54},"end":{"line":32,"column":94}},"5":{"start":{"line":33,"column":4},"end":{"line":33,"column":104}},"6":{"start":{"line":33,"column":60},"end":{"line":33,"column":104}},"7":{"start":{"line":35,"column":4},"end":{"line":35,"column":55}},"8":{"start":{"line":36,"column":4},"end":{"line":36,"column":69}},"9":{"start":{"line":36,"column":22},"end":{"line":36,"column":69}},"10":{"start":{"line":37,"column":4},"end":{"line":37,"column":47}},"11":{"start":{"line":38,"column":4},"end":{"line":38,"column":60}},"12":{"start":{"line":38,"column":19},"end":{"line":38,"column":60}},"13":{"start":{"line":40,"column":4},"end":{"line":47,"column":6}},"14":{"start":{"line":54,"column":4},"end":{"line":54,"column":71}},"15":{"start":{"line":58,"column":4},"end":{"line":58,"column":63}},"16":{"start":{"line":71,"column":4},"end":{"line":71,"column":82}},"17":{"start":{"line":71,"column":26},"end":{"line":71,"column":82}},"18":{"start":{"line":72,"column":4},"end":{"line":72,"column":79}},"19":{"start":{"line":72,"column":27},"end":{"line":72,"column":79}},"20":{"start":{"line":73,"column":4},"end":{"line":73,"column":72}},"21":{"start":{"line":73,"column":24},"end":{"line":73,"column":72}},"22":{"start":{"line":74,"column":4},"end":{"line":74,"column":70}},"23":{"start":{"line":74,"column":24},"end":{"line":74,"column":70}},"24":{"start":{"line":76,"column":4},"end":{"line":76,"column":76}},"25":{"start":{"line":83,"column":4},"end":{"line":83,"column":70}},"26":{"start":{"line":7,"column":0},"end":{"line":7,"column":13}}},"fnMap":{"0":{"name":"(anonymous_8)","decl":{"start":{"line":13,"column":2},"end":{"line":13,"column":null}},"loc":{"start":{"line":16,"column":39},"end":{"line":21,"column":3}}},"1":{"name":"(anonymous_9)","decl":{"start":{"line":23,"column":8},"end":{"line":23,"column":20}},"loc":{"start":{"line":29,"column":30},"end":{"line":48,"column":null}}},"2":{"name":"(anonymous_11)","decl":{"start":{"line":50,"column":8},"end":{"line":50,"column":21}},"loc":{"start":{"line":52,"column":20},"end":{"line":55,"column":null}}},"3":{"name":"(anonymous_13)","decl":{"start":{"line":57,"column":8},"end":{"line":57,"column":21}},"loc":{"start":{"line":57,"column":38},"end":{"line":59,"column":null}}},"4":{"name":"(anonymous_15)","decl":{"start":{"line":61,"column":8},"end":{"line":61,"column":20}},"loc":{"start":{"line":69,"column":6},"end":{"line":77,"column":null}}},"5":{"name":"(anonymous_17)","decl":{"start":{"line":79,"column":8},"end":{"line":79,"column":20}},"loc":{"start":{"line":81,"column":20},"end":{"line":84,"column":null}}}},"branchMap":{"0":{"loc":{"start":{"line":20,"column":28},"end":{"line":20,"column":70}},"type":"binary-expr","locations":[{"start":{"line":20,"column":28},"end":{"line":20,"column":44}},{"start":{"line":20,"column":48},"end":{"line":20,"column":70}}]},"1":{"loc":{"start":{"line":32,"column":4},"end":{"line":32,"column":94}},"type":"if","locations":[{"start":{"line":32,"column":4},"end":{"line":32,"column":94}}]},"2":{"loc":{"start":{"line":33,"column":4},"end":{"line":33,"column":104}},"type":"if","locations":[{"start":{"line":33,"column":4},"end":{"line":33,"column":104}}]},"3":{"loc":{"start":{"line":36,"column":4},"end":{"line":36,"column":69}},"type":"if","locations":[{"start":{"line":36,"column":4},"end":{"line":36,"column":69}}]},"4":{"loc":{"start":{"line":38,"column":4},"end":{"line":38,"column":60}},"type":"if","locations":[{"start":{"line":38,"column":4},"end":{"line":38,"column":60}}]},"5":{"loc":{"start":{"line":71,"column":4},"end":{"line":71,"column":82}},"type":"if","locations":[{"start":{"line":71,"column":4},"end":{"line":71,"column":82}}]},"6":{"loc":{"start":{"line":72,"column":4},"end":{"line":72,"column":79}},"type":"if","locations":[{"start":{"line":72,"column":4},"end":{"line":72,"column":79}}]},"7":{"loc":{"start":{"line":73,"column":4},"end":{"line":73,"column":72}},"type":"if","locations":[{"start":{"line":73,"column":4},"end":{"line":73,"column":72}}]},"8":{"loc":{"start":{"line":74,"column":4},"end":{"line":74,"column":70}},"type":"if","locations":[{"start":{"line":74,"column":4},"end":{"line":74,"column":70}}]}},"s":{"0":1,"1":1,"2":10,"3":2,"4":1,"5":1,"6":0,"7":1,"8":1,"9":1,"10":1,"11":1,"12":1,"13":1,"14":2,"15":2,"16":2,"17":2,"18":1,"19":1,"20":1,"21":1,"22":1,"23":1,"24":1,"25":1,"26":1},"f":{"0":10,"1":2,"2":2,"3":2,"4":2,"5":1},"b":{"0":[10,0],"1":[1],"2":[0],"3":[1],"4":[1],"5":[2],"6":[1],"7":[1],"8":[1]}}
,"/home/joaoalmeida/Documentos/github/mediconecta/backend/src/service/PatientService.ts": {"path":"/home/joaoalmeida/Documentos/github/mediconecta/backend/src/service/PatientService.ts","statementMap":{"0":{"start":{"line":2,"column":0},"end":{"line":2,"column":68}},"1":{"start":{"line":17,"column":4},"end":{"line":17,"column":35}},"2":{"start":{"line":18,"column":4},"end":{"line":18,"column":39}},"3":{"start":{"line":19,"column":4},"end":{"line":19,"column":74}},"4":{"start":{"line":27,"column":4},"end":{"line":27,"column":94}},"5":{"start":{"line":27,"column":54},"end":{"line":27,"column":94}},"6":{"start":{"line":28,"column":4},"end":{"line":28,"column":104}},"7":{"start":{"line":28,"column":60},"end":{"line":28,"column":104}},"8":{"start":{"line":30,"column":4},"end":{"line":30,"column":72}},"9":{"start":{"line":37,"column":4},"end":{"line":37,"column":73}},"10":{"start":{"line":41,"column":4},"end":{"line":41,"column":65}},"11":{"start":{"line":48,"column":4},"end":{"line":48,"column":72}},"12":{"start":{"line":55,"column":4},"end":{"line":55,"column":72}},"13":{"start":{"line":6,"column":0},"end":{"line":6,"column":13}}},"fnMap":{"0":{"name":"(anonymous_7)","decl":{"start":{"line":12,"column":2},"end":{"line":12,"column":null}},"loc":{"start":{"line":15,"column":41},"end":{"line":20,"column":3}}},"1":{"name":"(anonymous_8)","decl":{"start":{"line":22,"column":8},"end":{"line":22,"column":21}},"loc":{"start":{"line":24,"column":20},"end":{"line":31,"column":null}}},"2":{"name":"(anonymous_10)","decl":{"start":{"line":33,"column":8},"end":{"line":33,"column":22}},"loc":{"start":{"line":35,"column":20},"end":{"line":38,"column":null}}},"3":{"name":"(anonymous_12)","decl":{"start":{"line":40,"column":8},"end":{"line":40,"column":22}},"loc":{"start":{"line":40,"column":39},"end":{"line":42,"column":null}}},"4":{"name":"(anonymous_14)","decl":{"start":{"line":44,"column":8},"end":{"line":44,"column":21}},"loc":{"start":{"line":46,"column":20},"end":{"line":49,"column":null}}},"5":{"name":"(anonymous_16)","decl":{"start":{"line":51,"column":8},"end":{"line":51,"column":21}},"loc":{"start":{"line":53,"column":20},"end":{"line":56,"column":null}}}},"branchMap":{"0":{"loc":{"start":{"line":19,"column":29},"end":{"line":19,"column":73}},"type":"binary-expr","locations":[{"start":{"line":19,"column":29},"end":{"line":19,"column":46}},{"start":{"line":19,"column":50},"end":{"line":19,"column":73}}]},"1":{"loc":{"start":{"line":27,"column":4},"end":{"line":27,"column":94}},"type":"if","locations":[{"start":{"line":27,"column":4},"end":{"line":27,"column":94}}]},"2":{"loc":{"start":{"line":28,"column":4},"end":{"line":28,"column":104}},"type":"if","locations":[{"start":{"line":28,"column":4},"end":{"line":28,"column":104}}]}},"s":{"0":1,"1":10,"2":10,"3":10,"4":2,"5":1,"6":1,"7":0,"8":1,"9":2,"10":2,"11":2,"12":2,"13":1},"f":{"0":10,"1":2,"2":2,"3":2,"4":2,"5":2},"b":{"0":[10,0],"1":[1],"2":[0]}}
,"/home/joaoalmeida/Documentos/github/mediconecta/backend/src/service/UserService.ts": {"path":"/home/joaoalmeida/Documentos/github/mediconecta/backend/src/service/UserService.ts","statementMap":{"0":{"start":{"line":1,"column":0},"end":{"line":1,"column":35}},"1":{"start":{"line":2,"column":0},"end":{"line":2,"column":46}},"2":{"start":{"line":3,"column":0},"end":{"line":3,"column":62}},"3":{"start":{"line":4,"column":0},"end":{"line":4,"column":46}},"4":{"start":{"line":6,"column":19},"end":{"line":6,"column":21}},"5":{"start":{"line":13,"column":4},"end":{"line":13,"column":65}},"6":{"start":{"line":27,"column":4},"end":{"line":27,"column":35}},"7":{"start":{"line":28,"column":4},"end":{"line":28,"column":37}},"8":{"start":{"line":30,"column":4},"end":{"line":30,"column":43}},"9":{"start":{"line":31,"column":27},"end":{"line":31,"column":66}},"10":{"start":{"line":33,"column":4},"end":{"line":33,"column":33}},"11":{"start":{"line":34,"column":4},"end":{"line":34,"column":43}},"12":{"start":{"line":36,"column":4},"end":{"line":36,"column":45}},"13":{"start":{"line":36,"column":14},"end":{"line":36,"column":45}},"14":{"start":{"line":37,"column":4},"end":{"line":37,"column":33}},"15":{"start":{"line":39,"column":4},"end":{"line":39,"column":41}},"16":{"start":{"line":40,"column":4},"end":{"line":40,"column":37}},"17":{"start":{"line":42,"column":4},"end":{"line":51,"column":6}},"18":{"start":{"line":55,"column":4},"end":{"line":55,"column":53}},"19":{"start":{"line":59,"column":4},"end":{"line":59,"column":51}},"20":{"start":{"line":76,"column":4},"end":{"line":76,"column":55}},"21":{"start":{"line":76,"column":19},"end":{"line":76,"column":55}},"22":{"start":{"line":77,"column":4},"end":{"line":77,"column":58}},"23":{"start":{"line":77,"column":20},"end":{"line":77,"column":58}},"24":{"start":{"line":79,"column":4},"end":{"line":82,"column":5}},"25":{"start":{"line":80,"column":6},"end":{"line":80,"column":50}},"26":{"start":{"line":81,"column":6},"end":{"line":81,"column":67}},"27":{"start":{"line":84,"column":4},"end":{"line":84,"column":52}},"28":{"start":{"line":84,"column":18},"end":{"line":84,"column":52}},"29":{"start":{"line":85,"column":4},"end":{"line":85,"column":67}},"30":{"start":{"line":85,"column":23},"end":{"line":85,"column":67}},"31":{"start":{"line":86,"column":4},"end":{"line":86,"column":52}},"32":{"start":{"line":86,"column":18},"end":{"line":86,"column":52}},"33":{"start":{"line":87,"column":4},"end":{"line":87,"column":64}},"34":{"start":{"line":87,"column":22},"end":{"line":87,"column":64}},"35":{"start":{"line":88,"column":4},"end":{"line":88,"column":58}},"36":{"start":{"line":88,"column":20},"end":{"line":88,"column":58}},"37":{"start":{"line":90,"column":4},"end":{"line":90,"column":58}},"38":{"start":{"line":94,"column":4},"end":{"line":94,"column":52}},"39":{"start":{"line":8,"column":0},"end":{"line":8,"column":13}}},"fnMap":{"0":{"name":"(anonymous_17)","decl":{"start":{"line":12,"column":2},"end":{"line":12,"column":14}},"loc":{"start":{"line":12,"column":45},"end":{"line":14,"column":3}}},"1":{"name":"(anonymous_18)","decl":{"start":{"line":16,"column":8},"end":{"line":16,"column":18}},"loc":{"start":{"line":24,"column":17},"end":{"line":52,"column":null}}},"2":{"name":"(anonymous_20)","decl":{"start":{"line":54,"column":8},"end":{"line":54,"column":19}},"loc":{"start":{"line":54,"column":30},"end":{"line":56,"column":null}}},"3":{"name":"(anonymous_22)","decl":{"start":{"line":58,"column":8},"end":{"line":58,"column":19}},"loc":{"start":{"line":58,"column":19},"end":{"line":60,"column":null}}},"4":{"name":"(anonymous_24)","decl":{"start":{"line":62,"column":8},"end":{"line":62,"column":18}},"loc":{"start":{"line":73,"column":6},"end":{"line":91,"column":null}}},"5":{"name":"(anonymous_26)","decl":{"start":{"line":93,"column":8},"end":{"line":93,"column":18}},"loc":{"start":{"line":93,"column":29},"end":{"line":95,"column":null}}}},"branchMap":{"0":{"loc":{"start":{"line":13,"column":26},"end":{"line":13,"column":64}},"type":"binary-expr","locations":[{"start":{"line":13,"column":26},"end":{"line":13,"column":40}},{"start":{"line":13,"column":44},"end":{"line":13,"column":64}}]},"1":{"loc":{"start":{"line":36,"column":4},"end":{"line":36,"column":45}},"type":"if","locations":[{"start":{"line":36,"column":4},"end":{"line":36,"column":45}}]},"2":{"loc":{"start":{"line":76,"column":4},"end":{"line":76,"column":55}},"type":"if","locations":[{"start":{"line":76,"column":4},"end":{"line":76,"column":55}}]},"3":{"loc":{"start":{"line":77,"column":4},"end":{"line":77,"column":58}},"type":"if","locations":[{"start":{"line":77,"column":4},"end":{"line":77,"column":58}}]},"4":{"loc":{"start":{"line":79,"column":4},"end":{"line":82,"column":5}},"type":"if","locations":[{"start":{"line":79,"column":4},"end":{"line":82,"column":5}}]},"5":{"loc":{"start":{"line":84,"column":4},"end":{"line":84,"column":52}},"type":"if","locations":[{"start":{"line":84,"column":4},"end":{"line":84,"column":52}}]},"6":{"loc":{"start":{"line":85,"column":4},"end":{"line":85,"column":67}},"type":"if","locations":[{"start":{"line":85,"column":4},"end":{"line":85,"column":67}}]},"7":{"loc":{"start":{"line":86,"column":4},"end":{"line":86,"column":52}},"type":"if","locations":[{"start":{"line":86,"column":4},"end":{"line":86,"column":52}}]},"8":{"loc":{"start":{"line":87,"column":4},"end":{"line":87,"column":64}},"type":"if","locations":[{"start":{"line":87,"column":4},"end":{"line":87,"column":64}}]},"9":{"loc":{"start":{"line":88,"column":4},"end":{"line":88,"column":58}},"type":"if","locations":[{"start":{"line":88,"column":4},"end":{"line":88,"column":58}}]}},"s":{"0":4,"1":4,"2":4,"3":4,"4":4,"5":10,"6":2,"7":2,"8":1,"9":1,"10":1,"11":1,"12":1,"13":0,"14":1,"15":1,"16":1,"17":1,"18":2,"19":2,"20":2,"21":2,"22":2,"23":2,"24":1,"25":1,"26":1,"27":1,"28":0,"29":1,"30":0,"31":1,"32":0,"33":1,"34":0,"35":1,"36":0,"37":1,"38":2,"39":4},"f":{"0":10,"1":2,"2":2,"3":2,"4":2,"5":2},"b":{"0":[10,0],"1":[0],"2":[2],"3":[2],"4":[1],"5":[0],"6":[0],"7":[0],"8":[0],"9":[0]}}
,"/home/joaoalmeida/Documentos/github/mediconecta/backend/src/util/Validations.ts": {"path":"/home/joaoalmeida/Documentos/github/mediconecta/backend/src/util/Validations.ts","statementMap":{"0":{"start":{"line":1,"column":0},"end":{"line":1,"column":57}},"1":{"start":{"line":2,"column":0},"end":{"line":2,"column":40}},"2":{"start":{"line":7,"column":4},"end":{"line":7,"column":30}},"3":{"start":{"line":11,"column":18},"end":{"line":11,"column":28}},"4":{"start":{"line":12,"column":4},"end":{"line":12,"column":26}},"5":{"start":{"line":13,"column":4},"end":{"line":13,"column":25}},"6":{"start":{"line":17,"column":4},"end":{"line":17,"column":74}},"7":{"start":{"line":17,"column":28},"end":{"line":17,"column":74}},"8":{"start":{"line":21,"column":23},"end":{"line":21,"column":51}},"9":{"start":{"line":22,"column":4},"end":{"line":24,"column":5}},"10":{"start":{"line":23,"column":6},"end":{"line":23,"column":null}},"11":{"start":{"line":28,"column":26},"end":{"line":28,"column":76}},"12":{"start":{"line":29,"column":4},"end":{"line":31,"column":5}},"13":{"start":{"line":30,"column":6},"end":{"line":30,"column":null}},"14":{"start":{"line":35,"column":21},"end":{"line":35,"column":31}},"15":{"start":{"line":36,"column":4},"end":{"line":38,"column":5}},"16":{"start":{"line":37,"column":6},"end":{"line":37,"column":null}},"17":{"start":{"line":42,"column":4},"end":{"line":44,"column":5}},"18":{"start":{"line":43,"column":6},"end":{"line":43,"column":81}},"19":{"start":{"line":48,"column":4},"end":{"line":48,"column":28}},"20":{"start":{"line":49,"column":4},"end":{"line":51,"column":5}},"21":{"start":{"line":50,"column":6},"end":{"line":50,"column":82}},"22":{"start":{"line":55,"column":4},"end":{"line":57,"column":5}},"23":{"start":{"line":56,"column":6},"end":{"line":56,"column":56}},"24":{"start":{"line":61,"column":23},"end":{"line":61,"column":41}},"25":{"start":{"line":62,"column":4},"end":{"line":64,"column":5}},"26":{"start":{"line":63,"column":6},"end":{"line":63,"column":87}},"27":{"start":{"line":68,"column":4},"end":{"line":70,"column":5}},"28":{"start":{"line":69,"column":6},"end":{"line":69,"column":null}},"29":{"start":{"line":74,"column":4},"end":{"line":76,"column":5}},"30":{"start":{"line":75,"column":6},"end":{"line":75,"column":null}},"31":{"start":{"line":80,"column":4},"end":{"line":80,"column":111}},"32":{"start":{"line":80,"column":32},"end":{"line":80,"column":111}},"33":{"start":{"line":84,"column":29},"end":{"line":84,"column":49}},"34":{"start":{"line":85,"column":4},"end":{"line":85,"column":null}},"35":{"start":{"line":85,"column":45},"end":{"line":85,"column":null}},"36":{"start":{"line":89,"column":4},"end":{"line":89,"column":null}},"37":{"start":{"line":89,"column":33},"end":{"line":89,"column":null}},"38":{"start":{"line":93,"column":4},"end":{"line":93,"column":null}},"39":{"start":{"line":93,"column":29},"end":{"line":93,"column":null}},"40":{"start":{"line":97,"column":4},"end":{"line":97,"column":null}},"41":{"start":{"line":97,"column":28},"end":{"line":97,"column":null}},"42":{"start":{"line":101,"column":4},"end":{"line":103,"column":5}},"43":{"start":{"line":102,"column":6},"end":{"line":102,"column":79}},"44":{"start":{"line":107,"column":4},"end":{"line":107,"column":34}},"45":{"start":{"line":108,"column":4},"end":{"line":110,"column":5}},"46":{"start":{"line":109,"column":6},"end":{"line":109,"column":null}},"47":{"start":{"line":115,"column":0},"end":{"line":115,"column":33}}},"fnMap":{"0":{"name":"(anonymous_0)","decl":{"start":{"line":6,"column":10},"end":{"line":6,"column":17}},"loc":{"start":{"line":6,"column":31},"end":{"line":8,"column":3}}},"1":{"name":"(anonymous_1)","decl":{"start":{"line":10,"column":10},"end":{"line":10,"column":27}},"loc":{"start":{"line":10,"column":38},"end":{"line":14,"column":3}}},"2":{"name":"(anonymous_2)","decl":{"start":{"line":16,"column":2},"end":{"line":16,"column":14}},"loc":{"start":{"line":16,"column":27},"end":{"line":18,"column":3}}},"3":{"name":"(anonymous_3)","decl":{"start":{"line":20,"column":2},"end":{"line":20,"column":15}},"loc":{"start":{"line":20,"column":29},"end":{"line":25,"column":3}}},"4":{"name":"(anonymous_4)","decl":{"start":{"line":27,"column":2},"end":{"line":27,"column":18}},"loc":{"start":{"line":27,"column":35},"end":{"line":32,"column":3}}},"5":{"name":"(anonymous_5)","decl":{"start":{"line":34,"column":2},"end":{"line":34,"column":13}},"loc":{"start":{"line":34,"column":25},"end":{"line":39,"column":3}}},"6":{"name":"(anonymous_6)","decl":{"start":{"line":41,"column":2},"end":{"line":41,"column":18}},"loc":{"start":{"line":41,"column":33},"end":{"line":45,"column":3}}},"7":{"name":"(anonymous_7)","decl":{"start":{"line":47,"column":2},"end":{"line":47,"column":13}},"loc":{"start":{"line":47,"column":25},"end":{"line":52,"column":3}}},"8":{"name":"(anonymous_8)","decl":{"start":{"line":54,"column":2},"end":{"line":54,"column":17}},"loc":{"start":{"line":54,"column":33},"end":{"line":58,"column":3}}},"9":{"name":"(anonymous_9)","decl":{"start":{"line":60,"column":2},"end":{"line":60,"column":15}},"loc":{"start":{"line":60,"column":29},"end":{"line":65,"column":3}}},"10":{"name":"(anonymous_10)","decl":{"start":{"line":67,"column":2},"end":{"line":67,"column":22}},"loc":{"start":{"line":67,"column":43},"end":{"line":71,"column":3}}},"11":{"name":"(anonymous_11)","decl":{"start":{"line":73,"column":2},"end":{"line":73,"column":21}},"loc":{"start":{"line":73,"column":41},"end":{"line":77,"column":3}}},"12":{"name":"(anonymous_12)","decl":{"start":{"line":79,"column":2},"end":{"line":79,"column":28}},"loc":{"start":{"line":79,"column":44},"end":{"line":81,"column":3}}},"13":{"name":"(anonymous_13)","decl":{"start":{"line":83,"column":2},"end":{"line":83,"column":27}},"loc":{"start":{"line":83,"column":47},"end":{"line":86,"column":3}}},"14":{"name":"(anonymous_14)","decl":{"start":{"line":88,"column":2},"end":{"line":88,"column":19}},"loc":{"start":{"line":88,"column":37},"end":{"line":90,"column":3}}},"15":{"name":"(anonymous_15)","decl":{"start":{"line":92,"column":2},"end":{"line":92,"column":27}},"loc":{"start":{"line":92,"column":41},"end":{"line":94,"column":3}}},"16":{"name":"(anonymous_16)","decl":{"start":{"line":96,"column":2},"end":{"line":96,"column":26}},"loc":{"start":{"line":96,"column":39},"end":{"line":98,"column":3}}},"17":{"name":"(anonymous_17)","decl":{"start":{"line":100,"column":2},"end":{"line":100,"column":25}},"loc":{"start":{"line":100,"column":36},"end":{"line":104,"column":3}}},"18":{"name":"(anonymous_18)","decl":{"start":{"line":106,"column":2},"end":{"line":106,"column":27}},"loc":{"start":{"line":106,"column":42},"end":{"line":111,"column":3}}}},"branchMap":{"0":{"loc":{"start":{"line":17,"column":4},"end":{"line":17,"column":74}},"type":"if","locations":[{"start":{"line":17,"column":4},"end":{"line":17,"column":74}}]},"1":{"loc":{"start":{"line":22,"column":4},"end":{"line":24,"column":5}},"type":"if","locations":[{"start":{"line":22,"column":4},"end":{"line":24,"column":5}}]},"2":{"loc":{"start":{"line":29,"column":4},"end":{"line":31,"column":5}},"type":"if","locations":[{"start":{"line":29,"column":4},"end":{"line":31,"column":5}}]},"3":{"loc":{"start":{"line":36,"column":4},"end":{"line":38,"column":5}},"type":"if","locations":[{"start":{"line":36,"column":4},"end":{"line":38,"column":5}}]},"4":{"loc":{"start":{"line":42,"column":4},"end":{"line":44,"column":5}},"type":"if","locations":[{"start":{"line":42,"column":4},"end":{"line":44,"column":5}}]},"5":{"loc":{"start":{"line":49,"column":4},"end":{"line":51,"column":5}},"type":"if","locations":[{"start":{"line":49,"column":4},"end":{"line":51,"column":5}}]},"6":{"loc":{"start":{"line":55,"column":4},"end":{"line":57,"column":5}},"type":"if","locations":[{"start":{"line":55,"column":4},"end":{"line":57,"column":5}}]},"7":{"loc":{"start":{"line":62,"column":4},"end":{"line":64,"column":5}},"type":"if","locations":[{"start":{"line":62,"column":4},"end":{"line":64,"column":5}}]},"8":{"loc":{"start":{"line":68,"column":4},"end":{"line":70,"column":5}},"type":"if","locations":[{"start":{"line":68,"column":4},"end":{"line":70,"column":5}}]},"9":{"loc":{"start":{"line":74,"column":4},"end":{"line":76,"column":5}},"type":"if","locations":[{"start":{"line":74,"column":4},"end":{"line":76,"column":5}}]},"10":{"loc":{"start":{"line":80,"column":4},"end":{"line":80,"column":111}},"type":"if","locations":[{"start":{"line":80,"column":4},"end":{"line":80,"column":111}}]},"11":{"loc":{"start":{"line":85,"column":4},"end":{"line":85,"column":null}},"type":"if","locations":[{"start":{"line":85,"column":4},"end":{"line":85,"column":null}}]},"12":{"loc":{"start":{"line":89,"column":4},"end":{"line":89,"column":null}},"type":"if","locations":[{"start":{"line":89,"column":4},"end":{"line":89,"column":null}}]},"13":{"loc":{"start":{"line":93,"column":4},"end":{"line":93,"column":null}},"type":"if","locations":[{"start":{"line":93,"column":4},"end":{"line":93,"column":null}}]},"14":{"loc":{"start":{"line":97,"column":4},"end":{"line":97,"column":null}},"type":"if","locations":[{"start":{"line":97,"column":4},"end":{"line":97,"column":null}}]},"15":{"loc":{"start":{"line":101,"column":4},"end":{"line":103,"column":5}},"type":"if","locations":[{"start":{"line":101,"column":4},"end":{"line":103,"column":5}}]},"16":{"loc":{"start":{"line":108,"column":4},"end":{"line":110,"column":5}},"type":"if","locations":[{"start":{"line":108,"column":4},"end":{"line":110,"column":5}}]}},"s":{"0":8,"1":8,"2":19,"3":1,"4":1,"5":1,"6":6,"7":0,"8":6,"9":6,"10":2,"11":2,"12":2,"13":0,"14":1,"15":1,"16":0,"17":1,"18":0,"19":1,"20":1,"21":0,"22":3,"23":0,"24":3,"25":3,"26":0,"27":4,"28":0,"29":4,"30":0,"31":0,"32":0,"33":3,"34":3,"35":1,"36":2,"37":0,"38":0,"39":0,"40":0,"41":0,"42":0,"43":0,"44":0,"45":0,"46":0,"47":8},"f":{"0":19,"1":1,"2":6,"3":6,"4":2,"5":1,"6":1,"7":1,"8":3,"9":3,"10":4,"11":4,"12":0,"13":3,"14":2,"15":0,"16":0,"17":0,"18":0},"b":{"0":[0],"1":[2],"2":[0],"3":[0],"4":[0],"5":[0],"6":[0],"7":[0],"8":[0],"9":[0],"10":[0],"11":[1],"12":[0],"13":[0],"14":[0],"15":[0],"16":[0]}}
}
