TN:
SF:src/config/database.ts
FNF:0
FNH:0
DA:1,17
DA:2,17
DA:4,17
DA:6,17
DA:16,17
LF:5
LH:5
BRF:0
BRH:0
end_of_record
TN:
SF:src/model/Appointment.ts
FN:6,(anonymous_1)
FN:69,(anonymous_2)
FNF:2
FNH:1
FNDA:11,(anonymous_1)
FNDA:0,(anonymous_2)
DA:1,11
DA:2,11
DA:3,11
DA:4,11
DA:6,11
DA:7,11
DA:8,11
DA:23,11
DA:33,11
DA:70,0
DA:71,0
DA:95,11
LF:12
LH:10
BRDA:6,0,0,11
BRDA:6,0,1,11
BRDA:71,1,0,0
BRF:3
BRH:2
end_of_record
TN:
SF:src/model/Clinic.ts
FNF:0
FNH:0
DA:1,16
DA:2,16
DA:3,16
DA:18,16
DA:29,16
DA:97,16
LF:6
LH:6
BRF:0
BRH:0
end_of_record
TN:
SF:src/model/Doctor.ts
FNF:0
FNH:0
DA:1,2
DA:2,2
DA:3,2
DA:4,2
DA:17,2
DA:26,2
DA:81,2
DA:86,2
LF:8
LH:8
BRF:0
BRH:0
end_of_record
TN:
SF:src/model/Patient.ts
FN:43,(anonymous_8)
FN:43,(anonymous_9)
FNF:2
FNH:0
FNDA:0,(anonymous_8)
FNDA:0,(anonymous_9)
DA:1,2
DA:2,2
DA:3,2
DA:4,2
DA:5,2
DA:12,2
DA:17,2
DA:43,0
DA:44,0
DA:53,2
DA:58,2
LF:11
LH:9
BRF:0
BRH:0
end_of_record
TN:
SF:src/model/Record.ts
FNF:0
FNH:0
DA:1,2
DA:2,2
DA:3,2
DA:4,2
DA:14,2
DA:20,2
DA:53,2
DA:58,2
LF:8
LH:8
BRF:0
BRH:0
end_of_record
TN:
SF:src/model/Secretary.ts
FNF:0
FNH:0
DA:1,2
DA:2,2
DA:3,2
DA:4,2
DA:14,2
DA:20,2
DA:56,2
DA:61,2
LF:8
LH:8
BRF:0
BRH:0
end_of_record
TN:
SF:src/model/User.ts
FN:4,(anonymous_1)
FN:78,(anonymous_2)
FNF:2
FNH:1
FNDA:17,(anonymous_1)
FNDA:0,(anonymous_2)
DA:1,17
DA:2,17
DA:4,17
DA:5,17
DA:6,17
DA:7,17
DA:24,17
DA:36,17
DA:79,0
DA:80,0
LF:10
LH:8
BRDA:4,0,0,17
BRDA:4,0,1,17
BRDA:80,1,0,0
BRF:3
BRH:2
end_of_record
TN:
SF:src/repository/ClinicRepository.ts
FN:5,(anonymous_7)
FN:25,(anonymous_9)
FN:29,(anonymous_11)
FN:33,(anonymous_13)
FN:50,(anonymous_15)
FNF:5
FNH:0
FNDA:0,(anonymous_7)
FNDA:0,(anonymous_9)
FNDA:0,(anonymous_11)
FNDA:0,(anonymous_13)
FNDA:0,(anonymous_15)
DA:1,4
DA:3,4
DA:14,0
DA:26,0
DA:30,0
DA:44,0
DA:45,0
DA:51,0
DA:52,0
DA:53,0
DA:54,0
DA:55,0
DA:57,0
LF:13
LH:2
BRDA:45,0,0,0
BRDA:45,0,1,0
BRDA:53,1,0,0
BRF:3
BRH:0
end_of_record
TN:
SF:src/repository/DoctorRepository.ts
FN:5,(anonymous_7)
FN:23,(anonymous_9)
FN:30,(anonymous_11)
FN:38,(anonymous_13)
FN:54,(anonymous_15)
FNF:5
FNH:0
FNDA:0,(anonymous_7)
FNDA:0,(anonymous_9)
FNDA:0,(anonymous_11)
FNDA:0,(anonymous_13)
FNDA:0,(anonymous_15)
DA:1,1
DA:3,1
DA:13,0
DA:27,0
DA:31,0
DA:48,0
DA:49,0
DA:58,0
DA:59,0
DA:60,0
DA:61,0
DA:62,0
DA:64,0
LF:13
LH:2
BRDA:49,0,0,0
BRDA:49,0,1,0
BRDA:60,1,0,0
BRF:3
BRH:0
end_of_record
TN:
SF:src/repository/PatientRepository.ts
FN:5,(anonymous_7)
FN:12,(anonymous_9)
FN:19,(anonymous_11)
FN:27,(anonymous_13)
FN:34,(anonymous_15)
FNF:5
FNH:0
FNDA:0,(anonymous_7)
FNDA:0,(anonymous_9)
FNDA:0,(anonymous_11)
FNDA:0,(anonymous_13)
FNDA:0,(anonymous_15)
DA:1,1
DA:3,1
DA:9,0
DA:16,0
DA:20,0
DA:31,0
DA:38,0
DA:39,0
DA:40,0
DA:41,0
DA:42,0
DA:44,0
LF:12
LH:2
BRDA:40,0,0,0
BRF:1
BRH:0
end_of_record
TN:
SF:src/repository/SecretaryRepository.ts
FN:5,(anonymous_7)
FN:17,(anonymous_9)
FN:24,(anonymous_11)
FN:32,(anonymous_13)
FN:45,(anonymous_15)
FNF:5
FNH:0
FNDA:0,(anonymous_7)
FNDA:0,(anonymous_9)
FNDA:0,(anonymous_11)
FNDA:0,(anonymous_13)
FNDA:0,(anonymous_15)
DA:1,1
DA:3,1
DA:10,0
DA:21,0
DA:25,0
DA:39,0
DA:40,0
DA:49,0
DA:50,0
DA:51,0
DA:52,0
DA:53,0
DA:55,0
LF:13
LH:2
BRDA:40,0,0,0
BRDA:40,0,1,0
BRDA:51,1,0,0
BRF:3
BRH:0
end_of_record
TN:
SF:src/repository/UserRepository.ts
FN:5,(anonymous_7)
FN:27,(anonymous_9)
FN:31,(anonymous_11)
FN:35,(anonymous_13)
FN:54,(anonymous_15)
FNF:5
FNH:0
FNDA:0,(anonymous_7)
FNDA:0,(anonymous_9)
FNDA:0,(anonymous_11)
FNDA:0,(anonymous_13)
FNDA:0,(anonymous_15)
DA:1,5
DA:3,5
DA:15,0
DA:28,0
DA:32,0
DA:48,0
DA:49,0
DA:55,0
DA:56,0
DA:57,0
DA:58,0
DA:59,0
DA:61,0
LF:13
LH:2
BRDA:49,0,0,0
BRDA:49,0,1,0
BRDA:57,1,0,0
BRF:3
BRH:0
end_of_record
TN:
SF:src/service/ClinicService.ts
FN:11,(anonymous_8)
FN:19,(anonymous_9)
FN:51,(anonymous_11)
FN:55,(anonymous_13)
FN:59,(anonymous_15)
FN:88,(anonymous_17)
FNF:6
FNH:6
FNDA:10,(anonymous_8)
FNDA:2,(anonymous_9)
FNDA:3,(anonymous_11)
FNDA:1,(anonymous_13)
FNDA:2,(anonymous_15)
FNDA:2,(anonymous_17)
DA:2,4
DA:3,4
DA:4,4
DA:6,4
DA:15,10
DA:16,10
DA:29,2
DA:30,1
DA:33,1
DA:34,1
DA:35,1
DA:36,1
DA:37,1
DA:38,1
DA:40,1
DA:52,3
DA:56,1
DA:72,2
DA:73,1
DA:74,1
DA:78,1
DA:79,1
DA:80,1
DA:81,1
DA:82,1
DA:83,1
DA:85,1
DA:89,2
LF:28
LH:28
BRDA:15,0,0,10
BRDA:15,0,1,0
BRDA:16,1,0,10
BRDA:16,1,1,0
BRDA:29,2,0,1
BRDA:72,3,0,1
BRDA:73,4,0,1
BRDA:78,5,0,1
BRDA:79,6,0,1
BRDA:80,7,0,1
BRDA:81,8,0,1
BRDA:82,9,0,1
BRDA:83,10,0,1
BRF:13
BRH:11
end_of_record
TN:
SF:src/service/DoctorService.ts
FN:13,(anonymous_8)
FN:23,(anonymous_9)
FN:50,(anonymous_11)
FN:57,(anonymous_13)
FN:61,(anonymous_15)
FN:79,(anonymous_17)
FNF:6
FNH:6
FNDA:10,(anonymous_8)
FNDA:2,(anonymous_9)
FNDA:2,(anonymous_11)
FNDA:2,(anonymous_13)
FNDA:2,(anonymous_15)
FNDA:2,(anonymous_17)
DA:2,1
DA:3,1
DA:7,1
DA:18,10
DA:32,2
DA:33,1
DA:35,1
DA:36,1
DA:37,1
DA:38,1
DA:40,1
DA:54,2
DA:58,2
DA:71,2
DA:72,1
DA:73,1
DA:74,1
DA:76,1
DA:83,2
LF:19
LH:19
BRDA:20,0,0,10
BRDA:20,0,1,0
BRDA:32,1,0,1
BRDA:33,2,0,0
BRDA:36,3,0,1
BRDA:38,4,0,1
BRDA:71,5,0,2
BRDA:72,6,0,1
BRDA:73,7,0,1
BRDA:74,8,0,1
BRF:10
BRH:8
end_of_record
TN:
SF:src/service/PatientService.ts
FN:12,(anonymous_7)
FN:22,(anonymous_8)
FN:33,(anonymous_10)
FN:40,(anonymous_12)
FN:44,(anonymous_14)
FN:51,(anonymous_16)
FNF:6
FNH:6
FNDA:10,(anonymous_7)
FNDA:2,(anonymous_8)
FNDA:2,(anonymous_10)
FNDA:2,(anonymous_12)
FNDA:2,(anonymous_14)
FNDA:2,(anonymous_16)
DA:2,1
DA:6,1
DA:17,10
DA:18,10
DA:19,10
DA:27,2
DA:28,1
DA:30,1
DA:37,2
DA:41,2
DA:48,2
DA:55,2
LF:12
LH:12
BRDA:19,0,0,10
BRDA:19,0,1,0
BRDA:27,1,0,1
BRDA:28,2,0,0
BRF:4
BRH:2
end_of_record
TN:
SF:src/service/SecretaryService.ts
FN:13,(anonymous_8)
FN:23,(anonymous_9)
FN:41,(anonymous_11)
FN:48,(anonymous_13)
FN:52,(anonymous_15)
FN:65,(anonymous_17)
FNF:6
FNH:6
FNDA:10,(anonymous_8)
FNDA:2,(anonymous_9)
FNDA:2,(anonymous_11)
FNDA:2,(anonymous_13)
FNDA:2,(anonymous_15)
FNDA:2,(anonymous_17)
DA:2,1
DA:3,1
DA:7,1
DA:18,10
DA:29,2
DA:30,1
DA:32,1
DA:34,1
DA:45,2
DA:49,2
DA:60,2
DA:62,2
DA:69,2
LF:13
LH:13
BRDA:20,0,0,10
BRDA:20,0,1,0
BRDA:29,1,0,1
BRDA:30,2,0,0
BRDA:32,3,0,1
BRDA:60,4,0,0
BRF:6
BRH:3
end_of_record
TN:
SF:src/service/UserService.ts
FN:12,(anonymous_17)
FN:16,(anonymous_18)
FN:54,(anonymous_20)
FN:58,(anonymous_22)
FN:62,(anonymous_24)
FN:93,(anonymous_26)
FNF:6
FNH:6
FNDA:10,(anonymous_17)
FNDA:2,(anonymous_18)
FNDA:2,(anonymous_20)
FNDA:2,(anonymous_22)
FNDA:2,(anonymous_24)
FNDA:2,(anonymous_26)
DA:1,5
DA:2,5
DA:3,5
DA:4,5
DA:6,5
DA:8,5
DA:13,10
DA:27,2
DA:28,2
DA:30,1
DA:31,1
DA:33,1
DA:34,1
DA:36,1
DA:37,1
DA:39,1
DA:40,1
DA:42,1
DA:55,2
DA:59,2
DA:76,2
DA:77,2
DA:79,1
DA:80,1
DA:81,1
DA:84,1
DA:85,1
DA:86,1
DA:87,1
DA:88,1
DA:90,1
DA:94,2
LF:32
LH:32
BRDA:13,0,0,10
BRDA:13,0,1,0
BRDA:36,1,0,0
BRDA:76,2,0,2
BRDA:77,3,0,2
BRDA:79,4,0,1
BRDA:84,5,0,0
BRDA:85,6,0,0
BRDA:86,7,0,0
BRDA:87,8,0,0
BRDA:88,9,0,0
BRF:11
BRH:4
end_of_record
TN:
SF:src/util/Validations.ts
FN:6,(anonymous_0)
FN:10,(anonymous_1)
FN:16,(anonymous_2)
FN:20,(anonymous_3)
FN:27,(anonymous_4)
FN:34,(anonymous_5)
FN:41,(anonymous_6)
FN:47,(anonymous_7)
FN:54,(anonymous_8)
FN:60,(anonymous_9)
FN:67,(anonymous_10)
FN:73,(anonymous_11)
FN:79,(anonymous_12)
FN:83,(anonymous_13)
FN:88,(anonymous_14)
FN:92,(anonymous_15)
FN:96,(anonymous_16)
FN:100,(anonymous_17)
FN:106,(anonymous_18)
FNF:19
FNH:14
FNDA:20,(anonymous_0)
FNDA:1,(anonymous_1)
FNDA:6,(anonymous_2)
FNDA:6,(anonymous_3)
FNDA:2,(anonymous_4)
FNDA:1,(anonymous_5)
FNDA:1,(anonymous_6)
FNDA:1,(anonymous_7)
FNDA:3,(anonymous_8)
FNDA:3,(anonymous_9)
FNDA:5,(anonymous_10)
FNDA:4,(anonymous_11)
FNDA:0,(anonymous_12)
FNDA:3,(anonymous_13)
FNDA:2,(anonymous_14)
FNDA:0,(anonymous_15)
FNDA:0,(anonymous_16)
FNDA:0,(anonymous_17)
FNDA:0,(anonymous_18)
DA:1,11
DA:2,11
DA:7,20
DA:11,1
DA:12,1
DA:13,1
DA:17,6
DA:21,6
DA:22,6
DA:23,2
DA:28,2
DA:29,2
DA:30,0
DA:35,1
DA:36,1
DA:37,0
DA:42,1
DA:43,0
DA:48,1
DA:49,1
DA:50,0
DA:55,3
DA:56,0
DA:61,3
DA:62,3
DA:63,0
DA:68,5
DA:69,0
DA:74,4
DA:75,0
DA:80,0
DA:84,3
DA:85,3
DA:89,2
DA:93,0
DA:97,0
DA:101,0
DA:102,0
DA:107,0
DA:108,0
DA:109,0
DA:115,11
LF:42
LH:26
BRDA:17,0,0,0
BRDA:22,1,0,2
BRDA:29,2,0,0
BRDA:36,3,0,0
BRDA:42,4,0,0
BRDA:49,5,0,0
BRDA:55,6,0,0
BRDA:62,7,0,0
BRDA:68,8,0,0
BRDA:74,9,0,0
BRDA:80,10,0,0
BRDA:85,11,0,1
BRDA:89,12,0,0
BRDA:93,13,0,0
BRDA:97,14,0,0
BRDA:101,15,0,0
BRDA:108,16,0,0
BRF:17
BRH:2
end_of_record
